{"meta": {"format": 3, "version": "7.12.0", "timestamp": "2025-12-14T19:34:50.340829", "branch_coverage": false, "show_contexts": false}, "files": {"src/CLIApp.py": {"executed_lines": [3, 5, 6, 7, 8, 10, 11, 12, 13, 14, 17, 18, 24, 25, 27, 29, 30, 31, 32, 33, 34, 38, 39, 43, 44, 46, 49, 50, 56, 61, 64, 65, 66, 67, 69, 70, 73], "summary": {"covered_lines": 36, "num_statements": 37, "percent_covered": 97.29729729729729, "percent_covered_display": "97", "missing_lines": 1, "excluded_lines": 0, "percent_statements_covered": 97.29729729729729, "percent_statements_covered_display": "97"}, "missing_lines": [74], "excluded_lines": [], "functions": {"CLIApp.__init__": {"executed_lines": [25], "summary": {"covered_lines": 1, "num_statements": 1, "percent_covered": 100.0, "percent_covered_display": "100", "missing_lines": 0, "excluded_lines": 0, "percent_statements_covered": 100.0, "percent_statements_covered_display": "100"}, "missing_lines": [], "excluded_lines": []}, "CLIApp.run": {"executed_lines": [29, 30, 31, 32, 33, 34, 38, 39, 43, 44, 46], "summary": {"covered_lines": 11, "num_statements": 11, "percent_covered": 100.0, "percent_covered_display": "100", "missing_lines": 0, "excluded_lines": 0, "percent_statements_covered": 100.0, "percent_statements_covered_display": "100"}, "missing_lines": [], "excluded_lines": []}, "build_arg_parser": {"executed_lines": [50, 56, 61], "summary": {"covered_lines": 3, "num_statements": 3, "percent_covered": 100.0, "percent_covered_display": "100", "missing_lines": 0, "excluded_lines": 0, "percent_statements_covered": 100.0, "percent_statements_covered_display": "100"}, "missing_lines": [], "excluded_lines": []}, "main": {"executed_lines": [65, 66, 67, 69, 70], "summary": {"covered_lines": 5, "num_statements": 5, "percent_covered": 100.0, "percent_covered_display": "100", "missing_lines": 0, "excluded_lines": 0, "percent_statements_covered": 100.0, "percent_statements_covered_display": "100"}, "missing_lines": [], "excluded_lines": []}, "": {"executed_lines": [3, 5, 6, 7, 8, 10, 11, 12, 13, 14, 17, 18, 24, 27, 49, 64, 73], "summary": {"covered_lines": 16, "num_statements": 17, "percent_covered": 94.11764705882354, "percent_covered_display": "94", "missing_lines": 1, "excluded_lines": 0, "percent_statements_covered": 94.11764705882354, "percent_statements_covered_display": "94"}, "missing_lines": [74], "excluded_lines": []}}, "classes": {"CLIApp": {"executed_lines": [25, 29, 30, 31, 32, 33, 34, 38, 39, 43, 44, 46], "summary": {"covered_lines": 12, "num_statements": 12, "percent_covered": 100.0, "percent_covered_display": "100", "missing_lines": 0, "excluded_lines": 0, "percent_statements_covered": 100.0, "percent_statements_covered_display": "100"}, "missing_lines": [], "excluded_lines": []}, "": {"executed_lines": [3, 5, 6, 7, 8, 10, 11, 12, 13, 14, 17, 18, 24, 27, 49, 50, 56, 61, 64, 65, 66, 67, 69, 70, 73], "summary": {"covered_lines": 24, "num_statements": 25, "percent_covered": 96.0, "percent_covered_display": "96", "missing_lines": 1, "excluded_lines": 0, "percent_statements_covered": 96.0, "percent_statements_covered_display": "96"}, "missing_lines": [74], "excluded_lines": []}}}, "src/__init__.py": {"executed_lines": [1], "summary": {"covered_lines": 0, "num_statements": 0, "percent_covered": 100.0, "percent_covered_display": "100", "missing_lines": 0, "excluded_lines": 0, "percent_statements_covered": 100.0, "percent_statements_covered_display": "100"}, "missing_lines": [], "excluded_lines": [], "functions": {"": {"executed_lines": [1], "summary": {"covered_lines": 0, "num_statements": 0, "percent_covered": 100.0, "percent_covered_display": "100", "missing_lines": 0, "excluded_lines": 0, "percent_statements_covered": 100.0, "percent_statements_covered_display": "100"}, "missing_lines": [], "excluded_lines": []}}, "classes": {"": {"executed_lines": [1], "summary": {"covered_lines": 0, "num_statements": 0, "percent_covered": 100.0, "percent_covered_display": "100", "missing_lines": 0, "excluded_lines": 0, "percent_statements_covered": 100.0, "percent_statements_covered_display": "100"}, "missing_lines": [], "excluded_lines": []}}}, "src/clients/__init__.py": {"executed_lines": [1], "summary": {"covered_lines": 0, "num_statements": 0, "percent_covered": 100.0, "percent_covered_display": "100", "missing_lines": 0, "excluded_lines": 0, "percent_statements_covered": 100.0, "percent_statements_covered_display": "100"}, "missing_lines": [], "excluded_lines": [], "functions": {"": {"executed_lines": [1], "summary": {"covered_lines": 0, "num_statements": 0, "percent_covered": 100.0, "percent_covered_display": "100", "missing_lines": 0, "excluded_lines": 0, "percent_statements_covered": 100.0, "percent_statements_covered_display": "100"}, "missing_lines": [], "excluded_lines": []}}, "classes": {"": {"executed_lines": [1], "summary": {"covered_lines": 0, "num_statements": 0, "percent_covered": 100.0, "percent_covered_display": "100", "missing_lines": 0, "excluded_lines": 0, "percent_statements_covered": 100.0, "percent_statements_covered_display": "100"}, "missing_lines": [], "excluded_lines": []}}}, "src/clients/base_client.py": {"executed_lines": [1, 3, 5, 6, 7, 9, 11, 14, 15, 17, 23, 24, 26, 33, 34, 36, 37, 38, 40, 41, 42], "summary": {"covered_lines": 19, "num_statements": 19, "percent_covered": 100.0, "percent_covered_display": "100", "missing_lines": 0, "excluded_lines": 0, "percent_statements_covered": 100.0, "percent_statements_covered_display": "100"}, "missing_lines": [], "excluded_lines": [], "functions": {"BaseClient.__init__": {"executed_lines": [23, 24], "summary": {"covered_lines": 2, "num_statements": 2, "percent_covered": 100.0, "percent_covered_display": "100", "missing_lines": 0, "excluded_lines": 0, "percent_statements_covered": 100.0, "percent_statements_covered_display": "100"}, "missing_lines": [], "excluded_lines": []}, "BaseClient._execute_with_rate_limit": {"executed_lines": [33, 34, 36, 37, 38, 40, 41, 42], "summary": {"covered_lines": 8, "num_statements": 8, "percent_covered": 100.0, "percent_covered_display": "100", "missing_lines": 0, "excluded_lines": 0, "percent_statements_covered": 100.0, "percent_statements_covered_display": "100"}, "missing_lines": [], "excluded_lines": []}, "": {"executed_lines": [1, 3, 5, 6, 7, 9, 11, 14, 15, 17, 26], "summary": {"covered_lines": 9, "num_statements": 9, "percent_covered": 100.0, "percent_covered_display": "100", "missing_lines": 0, "excluded_lines": 0, "percent_statements_covered": 100.0, "percent_statements_covered_display": "100"}, "missing_lines": [], "excluded_lines": []}}, "classes": {"BaseClient": {"executed_lines": [23, 24, 33, 34, 36, 37, 38, 40, 41, 42], "summary": {"covered_lines": 10, "num_statements": 10, "percent_covered": 100.0, "percent_covered_display": "100", "missing_lines": 0, "excluded_lines": 0, "percent_statements_covered": 100.0, "percent_statements_covered_display": "100"}, "missing_lines": [], "excluded_lines": []}, "": {"executed_lines": [1, 3, 5, 6, 7, 9, 11, 14, 15, 17, 26], "summary": {"covered_lines": 9, "num_statements": 9, "percent_covered": 100.0, "percent_covered_display": "100", "missing_lines": 0, "excluded_lines": 0, "percent_statements_covered": 100.0, "percent_statements_covered_display": "100"}, "missing_lines": [], "excluded_lines": []}}}, "src/clients/git_client.py": {"executed_lines": [1, 5, 6, 7, 9, 11, 12, 14, 15, 18, 19, 26, 35, 36, 38, 45, 49, 51, 55, 57, 58, 59, 60, 65, 67, 78, 79, 80, 81, 90, 102, 103, 104, 105, 114, 117, 118, 121, 122, 124, 125, 126, 130, 132, 139, 140, 143, 145, 146, 147, 148, 150, 155, 156, 161, 162, 163, 164, 165, 166, 167, 168, 169, 171, 178, 179, 182, 183, 184, 189, 190, 195, 196, 197, 198, 199, 200, 201, 202, 203, 209, 211, 223, 224, 225, 234, 243, 244, 245, 246, 255, 264, 265, 268, 269, 270, 272, 273, 274, 275, 280, 283, 308, 315, 320, 324, 330, 333, 334, 335, 336, 338, 342, 343, 348, 349, 358, 359, 360, 368, 372, 380, 381, 384, 385, 389, 394, 403, 405, 406, 412, 413, 414, 417, 419, 420, 421, 422], "summary": {"covered_lines": 135, "num_statements": 153, "percent_covered": 88.23529411764706, "percent_covered_display": "88", "missing_lines": 18, "excluded_lines": 16, "percent_statements_covered": 88.23529411764706, "percent_statements_covered_display": "88"}, "missing_lines": [3, 88, 112, 119, 141, 157, 180, 191, 232, 253, 266, 325, 369, 370, 382, 386, 407, 423], "excluded_lines": [19, 20, 21, 22, 23, 24, 25, 26, 27, 28, 29, 30, 31, 32, 33, 34], "functions": {"_SessionWithGet.get": {"executed_lines": [], "summary": {"covered_lines": 0, "num_statements": 0, "percent_covered": 100.0, "percent_covered_display": "100", "missing_lines": 0, "excluded_lines": 1, "percent_statements_covered": 100.0, "percent_statements_covered_display": "100"}, "missing_lines": [], "excluded_lines": [24]}, "_SessionWithGet.post": {"executed_lines": [], "summary": {"covered_lines": 0, "num_statements": 0, "percent_covered": 100.0, "percent_covered_display": "100", "missing_lines": 0, "excluded_lines": 1, "percent_statements_covered": 100.0, "percent_statements_covered_display": "100"}, "missing_lines": [], "excluded_lines": [32]}, "GitClient.__init__": {"executed_lines": [45, 49, 51], "summary": {"covered_lines": 3, "num_statements": 3, "percent_covered": 100.0, "percent_covered_display": "100", "missing_lines": 0, "excluded_lines": 0, "percent_statements_covered": 100.0, "percent_statements_covered_display": "100"}, "missing_lines": [], "excluded_lines": []}, "GitClient.get_repo_metadata": {"executed_lines": [57, 58, 59, 60, 65], "summary": {"covered_lines": 5, "num_statements": 5, "percent_covered": 100.0, "percent_covered_display": "100", "missing_lines": 0, "excluded_lines": 0, "percent_statements_covered": 100.0, "percent_statements_covered_display": "100"}, "missing_lines": [], "excluded_lines": []}, "GitClient.list_repo_files": {"executed_lines": [78, 79, 80, 81], "summary": {"covered_lines": 4, "num_statements": 5, "percent_covered": 80.0, "percent_covered_display": "80", "missing_lines": 1, "excluded_lines": 0, "percent_statements_covered": 80.0, "percent_statements_covered_display": "80"}, "missing_lines": [88], "excluded_lines": []}, "GitClient.list_repo_contributors": {"executed_lines": [102, 103, 104, 105], "summary": {"covered_lines": 4, "num_statements": 5, "percent_covered": 80.0, "percent_covered_display": "80", "missing_lines": 1, "excluded_lines": 0, "percent_statements_covered": 80.0, "percent_statements_covered_display": "80"}, "missing_lines": [112], "excluded_lines": []}, "GitClient._fetch_github_repo": {"executed_lines": [117, 118, 121, 122, 124, 125, 126, 130], "summary": {"covered_lines": 8, "num_statements": 9, "percent_covered": 88.88888888888889, "percent_covered_display": "89", "missing_lines": 1, "excluded_lines": 0, "percent_statements_covered": 88.88888888888889, "percent_statements_covered_display": "89"}, "missing_lines": [119], "excluded_lines": []}, "GitClient._fetch_github_tree": {"executed_lines": [139, 140, 143, 145, 146, 147, 148, 150, 155, 156, 161, 162, 163, 164, 165, 166, 167, 168, 169], "summary": {"covered_lines": 19, "num_statements": 21, "percent_covered": 90.47619047619048, "percent_covered_display": "90", "missing_lines": 2, "excluded_lines": 0, "percent_statements_covered": 90.47619047619048, "percent_statements_covered_display": "90"}, "missing_lines": [141, 157], "excluded_lines": []}, "GitClient._fetch_github_contributors": {"executed_lines": [178, 179, 182, 183, 184, 189, 190, 195, 196, 197, 198, 199, 200, 201, 202, 203, 209], "summary": {"covered_lines": 17, "num_statements": 19, "percent_covered": 89.47368421052632, "percent_covered_display": "89", "missing_lines": 2, "excluded_lines": 0, "percent_statements_covered": 89.47368421052632, "percent_statements_covered_display": "89"}, "missing_lines": [180, 191], "excluded_lines": []}, "GitClient.get_file_blame": {"executed_lines": [223, 224, 225], "summary": {"covered_lines": 3, "num_statements": 4, "percent_covered": 75.0, "percent_covered_display": "75", "missing_lines": 1, "excluded_lines": 0, "percent_statements_covered": 75.0, "percent_statements_covered_display": "75"}, "missing_lines": [232], "excluded_lines": []}, "GitClient.get_commit_associated_pr": {"executed_lines": [243, 244, 245, 246], "summary": {"covered_lines": 4, "num_statements": 5, "percent_covered": 80.0, "percent_covered_display": "80", "missing_lines": 1, "excluded_lines": 0, "percent_statements_covered": 80.0, "percent_statements_covered_display": "80"}, "missing_lines": [253], "excluded_lines": []}, "GitClient._fetch_github_blame": {"executed_lines": [264, 265, 268, 269, 270, 272, 273, 274, 275, 280, 283, 308, 315, 320, 324, 330, 333, 334, 335, 336, 338, 342, 343, 348, 349, 358, 359, 360, 368], "summary": {"covered_lines": 29, "num_statements": 33, "percent_covered": 87.87878787878788, "percent_covered_display": "88", "missing_lines": 4, "excluded_lines": 0, "percent_statements_covered": 87.87878787878788, "percent_statements_covered_display": "88"}, "missing_lines": [266, 325, 369, 370], "excluded_lines": []}, "GitClient._fetch_github_commit_pr": {"executed_lines": [380, 381, 384, 385, 389, 394, 403, 405, 406, 412, 413, 414, 417], "summary": {"covered_lines": 13, "num_statements": 16, "percent_covered": 81.25, "percent_covered_display": "81", "missing_lines": 3, "excluded_lines": 0, "percent_statements_covered": 81.25, "percent_statements_covered_display": "81"}, "missing_lines": [382, 386, 407], "excluded_lines": []}, "GitClient._auth_headers": {"executed_lines": [420, 421, 422], "summary": {"covered_lines": 3, "num_statements": 4, "percent_covered": 75.0, "percent_covered_display": "75", "missing_lines": 1, "excluded_lines": 0, "percent_statements_covered": 75.0, "percent_statements_covered_display": "75"}, "missing_lines": [423], "excluded_lines": []}, "": {"executed_lines": [1, 5, 6, 7, 9, 11, 12, 14, 15, 18, 19, 26, 35, 36, 38, 55, 67, 90, 114, 132, 171, 211, 234, 255, 372, 419], "summary": {"covered_lines": 23, "num_statements": 24, "percent_covered": 95.83333333333333, "percent_covered_display": "96", "missing_lines": 1, "excluded_lines": 14, "percent_statements_covered": 95.83333333333333, "percent_statements_covered_display": "96"}, "missing_lines": [3], "excluded_lines": [19, 20, 21, 22, 23, 25, 26, 27, 28, 29, 30, 31, 33, 34]}}, "classes": {"_SessionWithGet": {"executed_lines": [], "summary": {"covered_lines": 0, "num_statements": 0, "percent_covered": 100.0, "percent_covered_display": "100", "missing_lines": 0, "excluded_lines": 2, "percent_statements_covered": 100.0, "percent_statements_covered_display": "100"}, "missing_lines": [], "excluded_lines": [24, 32]}, "GitClient": {"executed_lines": [45, 49, 51, 57, 58, 59, 60, 65, 78, 79, 80, 81, 102, 103, 104, 105, 117, 118, 121, 122, 124, 125, 126, 130, 139, 140, 143, 145, 146, 147, 148, 150, 155, 156, 161, 162, 163, 164, 165, 166, 167, 168, 169, 178, 179, 182, 183, 184, 189, 190, 195, 196, 197, 198, 199, 200, 201, 202, 203, 209, 223, 224, 225, 243, 244, 245, 246, 264, 265, 268, 269, 270, 272, 273, 274, 275, 280, 283, 308, 315, 320, 324, 330, 333, 334, 335, 336, 338, 342, 343, 348, 349, 358, 359, 360, 368, 380, 381, 384, 385, 389, 394, 403, 405, 406, 412, 413, 414, 417, 420, 421, 422], "summary": {"covered_lines": 112, "num_statements": 129, "percent_covered": 86.82170542635659, "percent_covered_display": "87", "missing_lines": 17, "excluded_lines": 0, "percent_statements_covered": 86.82170542635659, "percent_statements_covered_display": "87"}, "missing_lines": [88, 112, 119, 141, 157, 180, 191, 232, 253, 266, 325, 369, 370, 382, 386, 407, 423], "excluded_lines": []}, "": {"executed_lines": [1, 5, 6, 7, 9, 11, 12, 14, 15, 18, 19, 26, 35, 36, 38, 55, 67, 90, 114, 132, 171, 211, 234, 255, 372, 419], "summary": {"covered_lines": 23, "num_statements": 24, "percent_covered": 95.83333333333333, "percent_covered_display": "96", "missing_lines": 1, "excluded_lines": 14, "percent_statements_covered": 95.83333333333333, "percent_statements_covered_display": "96"}, "missing_lines": [3], "excluded_lines": [19, 20, 21, 22, 23, 25, 26, 27, 28, 29, 30, 31, 33, 34]}}}, "src/clients/hf_client.py": {"executed_lines": [1, 3, 5, 6, 7, 9, 10, 12, 16, 17, 18, 20, 21, 23, 24, 27, 28, 31, 32, 34, 42, 46, 47, 50, 51, 53, 54, 63, 65, 68, 70, 71, 72, 74, 79, 81, 82, 83, 84, 85, 87, 111, 127, 163, 166, 168, 169, 170, 174, 175, 177, 178, 179, 181, 182, 186, 187, 192, 194, 208, 210, 211, 212, 217, 218, 221, 223, 224, 226, 229, 230, 231, 232, 234, 235, 236, 243, 244, 245, 246, 247, 248, 249, 250, 252, 253, 254, 255, 256, 259, 261, 266, 267, 268, 269, 270, 272, 273, 275, 276, 277, 281, 282, 283, 285, 286, 288, 294, 295, 296, 298, 299], "summary": {"covered_lines": 105, "num_statements": 153, "percent_covered": 68.62745098039215, "percent_covered_display": "69", "missing_lines": 48, "excluded_lines": 15, "percent_statements_covered": 68.62745098039215, "percent_statements_covered_display": "69"}, "missing_lines": [90, 92, 93, 96, 97, 99, 100, 104, 105, 109, 114, 116, 117, 120, 122, 134, 136, 137, 142, 143, 147, 148, 149, 151, 152, 156, 157, 161, 176, 289, 300, 301, 302, 304, 305, 307, 308, 309, 313, 314, 315, 319, 320, 322, 323, 327, 328, 329], "excluded_lines": [12, 13, 14, 28, 29, 30, 56, 57, 61, 217, 218, 221, 237, 238, 241], "functions": {"_SessionWithGet.get": {"executed_lines": [28], "summary": {"covered_lines": 0, "num_statements": 0, "percent_covered": 100.0, "percent_covered_display": "100", "missing_lines": 0, "excluded_lines": 1, "percent_statements_covered": 100.0, "percent_statements_covered_display": "100"}, "missing_lines": [], "excluded_lines": [28]}, "HFClient.__init__": {"executed_lines": [42, 46, 47, 50, 51, 53, 54, 63], "summary": {"covered_lines": 8, "num_statements": 8, "percent_covered": 100.0, "percent_covered_display": "100", "missing_lines": 0, "excluded_lines": 3, "percent_statements_covered": 100.0, "percent_statements_covered_display": "100"}, "missing_lines": [], "excluded_lines": [56, 57, 61]}, "HFClient.get_model_info": {"executed_lines": [68, 70, 74], "summary": {"covered_lines": 3, "num_statements": 3, "percent_covered": 100.0, "percent_covered_display": "100", "missing_lines": 0, "excluded_lines": 0, "percent_statements_covered": 100.0, "percent_statements_covered_display": "100"}, "missing_lines": [], "excluded_lines": []}, "HFClient.get_model_info._operation": {"executed_lines": [71, 72], "summary": {"covered_lines": 2, "num_statements": 2, "percent_covered": 100.0, "percent_covered_display": "100", "missing_lines": 0, "excluded_lines": 0, "percent_statements_covered": 100.0, "percent_statements_covered_display": "100"}, "missing_lines": [], "excluded_lines": []}, "HFClient.model_exists": {"executed_lines": [81, 82, 83, 84, 85], "summary": {"covered_lines": 5, "num_statements": 5, "percent_covered": 100.0, "percent_covered_display": "100", "missing_lines": 0, "excluded_lines": 0, "percent_statements_covered": 100.0, "percent_statements_covered_display": "100"}, "missing_lines": [], "excluded_lines": []}, "HFClient.dataset_exists": {"executed_lines": [], "summary": {"covered_lines": 0, "num_statements": 7, "percent_covered": 0.0, "percent_covered_display": "0", "missing_lines": 7, "excluded_lines": 0, "percent_statements_covered": 0.0, "percent_statements_covered_display": "0"}, "missing_lines": [90, 92, 99, 100, 104, 105, 109], "excluded_lines": []}, "HFClient.dataset_exists._operation": {"executed_lines": [], "summary": {"covered_lines": 0, "num_statements": 3, "percent_covered": 0.0, "percent_covered_display": "0", "missing_lines": 3, "excluded_lines": 0, "percent_statements_covered": 0.0, "percent_statements_covered_display": "0"}, "missing_lines": [93, 96, 97], "excluded_lines": []}, "HFClient.get_dataset_info": {"executed_lines": [], "summary": {"covered_lines": 0, "num_statements": 3, "percent_covered": 0.0, "percent_covered_display": "0", "missing_lines": 3, "excluded_lines": 0, "percent_statements_covered": 0.0, "percent_statements_covered_display": "0"}, "missing_lines": [114, 116, 122], "excluded_lines": []}, "HFClient.get_dataset_info._operation": {"executed_lines": [], "summary": {"covered_lines": 0, "num_statements": 2, "percent_covered": 0.0, "percent_covered_display": "0", "missing_lines": 2, "excluded_lines": 0, "percent_statements_covered": 0.0, "percent_statements_covered_display": "0"}, "missing_lines": [117, 120], "excluded_lines": []}, "HFClient.count_models_trained_on_dataset": {"executed_lines": [], "summary": {"covered_lines": 0, "num_statements": 7, "percent_covered": 0.0, "percent_covered_display": "0", "missing_lines": 7, "excluded_lines": 0, "percent_statements_covered": 0.0, "percent_statements_covered_display": "0"}, "missing_lines": [134, 136, 151, 152, 156, 157, 161], "excluded_lines": []}, "HFClient.count_models_trained_on_dataset._operation": {"executed_lines": [], "summary": {"covered_lines": 0, "num_statements": 6, "percent_covered": 0.0, "percent_covered_display": "0", "missing_lines": 6, "excluded_lines": 0, "percent_statements_covered": 0.0, "percent_statements_covered_display": "0"}, "missing_lines": [137, 142, 143, 147, 148, 149], "excluded_lines": []}, "HFClient.get_model_readme": {"executed_lines": [166, 168, 181, 182, 186, 187, 192], "summary": {"covered_lines": 7, "num_statements": 7, "percent_covered": 100.0, "percent_covered_display": "100", "missing_lines": 0, "excluded_lines": 0, "percent_statements_covered": 100.0, "percent_statements_covered_display": "100"}, "missing_lines": [], "excluded_lines": []}, "HFClient.get_model_readme._operation": {"executed_lines": [169, 170, 174, 175, 177, 178, 179], "summary": {"covered_lines": 7, "num_statements": 8, "percent_covered": 87.5, "percent_covered_display": "88", "missing_lines": 1, "excluded_lines": 0, "percent_statements_covered": 87.5, "percent_statements_covered_display": "88"}, "missing_lines": [176], "excluded_lines": []}, "HFClient.list_model_files": {"executed_lines": [208, 210, 234, 252, 261], "summary": {"covered_lines": 5, "num_statements": 5, "percent_covered": 100.0, "percent_covered_display": "100", "missing_lines": 0, "excluded_lines": 0, "percent_statements_covered": 100.0, "percent_statements_covered_display": "100"}, "missing_lines": [], "excluded_lines": []}, "HFClient.list_model_files._list_via_tree": {"executed_lines": [211, 212, 217, 218, 221, 223, 224, 226, 229, 230, 231, 232], "summary": {"covered_lines": 9, "num_statements": 9, "percent_covered": 100.0, "percent_covered_display": "100", "missing_lines": 0, "excluded_lines": 3, "percent_statements_covered": 100.0, "percent_statements_covered_display": "100"}, "missing_lines": [], "excluded_lines": [217, 218, 221]}, "HFClient.list_model_files._list_via_siblings": {"executed_lines": [235, 236, 243, 244, 245, 246, 247, 248, 249, 250], "summary": {"covered_lines": 10, "num_statements": 10, "percent_covered": 100.0, "percent_covered_display": "100", "missing_lines": 0, "excluded_lines": 3, "percent_statements_covered": 100.0, "percent_statements_covered_display": "100"}, "missing_lines": [], "excluded_lines": [237, 238, 241]}, "HFClient.list_model_files._operation": {"executed_lines": [253, 254, 255, 256, 259], "summary": {"covered_lines": 5, "num_statements": 5, "percent_covered": 100.0, "percent_covered_display": "100", "missing_lines": 0, "excluded_lines": 0, "percent_statements_covered": 100.0, "percent_statements_covered_display": "100"}, "missing_lines": [], "excluded_lines": []}, "HFClient._normalize_repo_id": {"executed_lines": [268, 269, 270, 272, 273, 275, 276, 277, 281, 282, 283, 285, 286, 288, 294, 295, 296], "summary": {"covered_lines": 17, "num_statements": 18, "percent_covered": 94.44444444444444, "percent_covered_display": "94", "missing_lines": 1, "excluded_lines": 0, "percent_statements_covered": 94.44444444444444, "percent_statements_covered_display": "94"}, "missing_lines": [289], "excluded_lines": []}, "HFClient._normalize_dataset_id": {"executed_lines": [], "summary": {"covered_lines": 0, "num_statements": 18, "percent_covered": 0.0, "percent_covered_display": "0", "missing_lines": 18, "excluded_lines": 0, "percent_statements_covered": 0.0, "percent_statements_covered_display": "0"}, "missing_lines": [300, 301, 302, 304, 305, 307, 308, 309, 313, 314, 315, 319, 320, 322, 323, 327, 328, 329], "excluded_lines": []}, "": {"executed_lines": [1, 3, 5, 6, 7, 9, 10, 12, 16, 17, 18, 20, 21, 23, 24, 27, 31, 32, 34, 65, 79, 87, 111, 127, 163, 194, 266, 267, 298, 299], "summary": {"covered_lines": 27, "num_statements": 27, "percent_covered": 100.0, "percent_covered_display": "100", "missing_lines": 0, "excluded_lines": 5, "percent_statements_covered": 100.0, "percent_statements_covered_display": "100"}, "missing_lines": [], "excluded_lines": [12, 13, 14, 29, 30]}}, "classes": {"_SessionWithGet": {"executed_lines": [28], "summary": {"covered_lines": 0, "num_statements": 0, "percent_covered": 100.0, "percent_covered_display": "100", "missing_lines": 0, "excluded_lines": 1, "percent_statements_covered": 100.0, "percent_statements_covered_display": "100"}, "missing_lines": [], "excluded_lines": [28]}, "HFClient": {"executed_lines": [42, 46, 47, 50, 51, 53, 54, 63, 68, 70, 71, 72, 74, 81, 82, 83, 84, 85, 166, 168, 169, 170, 174, 175, 177, 178, 179, 181, 182, 186, 187, 192, 208, 210, 211, 212, 217, 218, 221, 223, 224, 226, 229, 230, 231, 232, 234, 235, 236, 243, 244, 245, 246, 247, 248, 249, 250, 252, 253, 254, 255, 256, 259, 261, 268, 269, 270, 272, 273, 275, 276, 277, 281, 282, 283, 285, 286, 288, 294, 295, 296], "summary": {"covered_lines": 78, "num_statements": 126, "percent_covered": 61.904761904761905, "percent_covered_display": "62", "missing_lines": 48, "excluded_lines": 9, "percent_statements_covered": 61.904761904761905, "percent_statements_covered_display": "62"}, "missing_lines": [90, 92, 93, 96, 97, 99, 100, 104, 105, 109, 114, 116, 117, 120, 122, 134, 136, 137, 142, 143, 147, 148, 149, 151, 152, 156, 157, 161, 176, 289, 300, 301, 302, 304, 305, 307, 308, 309, 313, 314, 315, 319, 320, 322, 323, 327, 328, 329], "excluded_lines": [56, 57, 61, 217, 218, 221, 237, 238, 241]}, "": {"executed_lines": [1, 3, 5, 6, 7, 9, 10, 12, 16, 17, 18, 20, 21, 23, 24, 27, 31, 32, 34, 65, 79, 87, 111, 127, 163, 194, 266, 267, 298, 299], "summary": {"covered_lines": 27, "num_statements": 27, "percent_covered": 100.0, "percent_covered_display": "100", "missing_lines": 0, "excluded_lines": 5, "percent_statements_covered": 100.0, "percent_statements_covered_display": "100"}, "missing_lines": [], "excluded_lines": [12, 13, 14, 29, 30]}}}, "src/clients/purdue_client.py": {"executed_lines": [1, 3, 5, 6, 7, 9, 11, 12, 13, 14, 16, 17, 18, 19, 20, 23, 24, 33, 34, 36, 44, 46, 50, 52, 55, 56, 57, 58, 62, 64, 76, 77, 78, 81, 82, 84, 86, 87, 93, 95, 96, 97, 103, 104, 108, 110, 115, 127, 136, 137, 138, 139, 140, 141, 142, 148, 149, 151, 153, 154, 158, 159, 160], "summary": {"covered_lines": 60, "num_statements": 61, "percent_covered": 98.36065573770492, "percent_covered_display": "98", "missing_lines": 1, "excluded_lines": 11, "percent_statements_covered": 98.36065573770492, "percent_statements_covered_display": "98"}, "missing_lines": [79], "excluded_lines": [24, 25, 26, 27, 28, 29, 30, 31, 32, 143, 144], "functions": {"_SessionWithPost.post": {"executed_lines": [], "summary": {"covered_lines": 0, "num_statements": 0, "percent_covered": 100.0, "percent_covered_display": "100", "missing_lines": 0, "excluded_lines": 1, "percent_statements_covered": 100.0, "percent_statements_covered_display": "100"}, "missing_lines": [], "excluded_lines": [30]}, "PurdueClient.__init__": {"executed_lines": [44, 46, 50, 52, 55, 56, 57, 58, 62], "summary": {"covered_lines": 9, "num_statements": 9, "percent_covered": 100.0, "percent_covered_display": "100", "missing_lines": 0, "excluded_lines": 0, "percent_statements_covered": 100.0, "percent_statements_covered_display": "100"}, "missing_lines": [], "excluded_lines": []}, "PurdueClient.generate_completion": {"executed_lines": [76, 77, 78, 81, 82, 84, 86, 87, 93, 95, 110], "summary": {"covered_lines": 11, "num_statements": 12, "percent_covered": 91.66666666666667, "percent_covered_display": "92", "missing_lines": 1, "excluded_lines": 0, "percent_statements_covered": 91.66666666666667, "percent_statements_covered_display": "92"}, "missing_lines": [79], "excluded_lines": []}, "PurdueClient.generate_completion._operation": {"executed_lines": [96, 97, 103, 104, 108], "summary": {"covered_lines": 5, "num_statements": 5, "percent_covered": 100.0, "percent_covered_display": "100", "missing_lines": 0, "excluded_lines": 0, "percent_statements_covered": 100.0, "percent_statements_covered_display": "100"}, "missing_lines": [], "excluded_lines": []}, "PurdueClient.llm": {"executed_lines": [127, 136, 137, 138, 139, 140, 141, 142, 148, 149, 151], "summary": {"covered_lines": 11, "num_statements": 11, "percent_covered": 100.0, "percent_covered_display": "100", "missing_lines": 0, "excluded_lines": 2, "percent_statements_covered": 100.0, "percent_statements_covered_display": "100"}, "missing_lines": [], "excluded_lines": [143, 144]}, "PurdueClient._build_headers": {"executed_lines": [154, 158, 159, 160], "summary": {"covered_lines": 4, "num_statements": 4, "percent_covered": 100.0, "percent_covered_display": "100", "missing_lines": 0, "excluded_lines": 0, "percent_statements_covered": 100.0, "percent_statements_covered_display": "100"}, "missing_lines": [], "excluded_lines": []}, "": {"executed_lines": [1, 3, 5, 6, 7, 9, 11, 12, 13, 14, 16, 17, 18, 19, 20, 23, 24, 33, 34, 36, 64, 115, 153], "summary": {"covered_lines": 20, "num_statements": 20, "percent_covered": 100.0, "percent_covered_display": "100", "missing_lines": 0, "excluded_lines": 8, "percent_statements_covered": 100.0, "percent_statements_covered_display": "100"}, "missing_lines": [], "excluded_lines": [24, 25, 26, 27, 28, 29, 31, 32]}}, "classes": {"_SessionWithPost": {"executed_lines": [], "summary": {"covered_lines": 0, "num_statements": 0, "percent_covered": 100.0, "percent_covered_display": "100", "missing_lines": 0, "excluded_lines": 1, "percent_statements_covered": 100.0, "percent_statements_covered_display": "100"}, "missing_lines": [], "excluded_lines": [30]}, "PurdueClient": {"executed_lines": [44, 46, 50, 52, 55, 56, 57, 58, 62, 76, 77, 78, 81, 82, 84, 86, 87, 93, 95, 96, 97, 103, 104, 108, 110, 127, 136, 137, 138, 139, 140, 141, 142, 148, 149, 151, 154, 158, 159, 160], "summary": {"covered_lines": 40, "num_statements": 41, "percent_covered": 97.5609756097561, "percent_covered_display": "98", "missing_lines": 1, "excluded_lines": 2, "percent_statements_covered": 97.5609756097561, "percent_statements_covered_display": "98"}, "missing_lines": [79], "excluded_lines": [143, 144]}, "": {"executed_lines": [1, 3, 5, 6, 7, 9, 11, 12, 13, 14, 16, 17, 18, 19, 20, 23, 24, 33, 34, 36, 64, 115, 153], "summary": {"covered_lines": 20, "num_statements": 20, "percent_covered": 100.0, "percent_covered_display": "100", "missing_lines": 0, "excluded_lines": 8, "percent_statements_covered": 100.0, "percent_statements_covered_display": "100"}, "missing_lines": [], "excluded_lines": [24, 25, 26, 27, 28, 29, 31, 32]}}}, "src/config.py": {"executed_lines": [1, 3, 7, 10, 13, 14], "summary": {"covered_lines": 5, "num_statements": 7, "percent_covered": 71.42857142857143, "percent_covered_display": "71", "missing_lines": 2, "excluded_lines": 0, "percent_statements_covered": 71.42857142857143, "percent_statements_covered_display": "71"}, "missing_lines": [8, 11], "excluded_lines": [], "functions": {"": {"executed_lines": [1, 3, 7, 10, 13, 14], "summary": {"covered_lines": 5, "num_statements": 7, "percent_covered": 71.42857142857143, "percent_covered_display": "71", "missing_lines": 2, "excluded_lines": 0, "percent_statements_covered": 71.42857142857143, "percent_statements_covered_display": "71"}, "missing_lines": [8, 11], "excluded_lines": []}}, "classes": {"": {"executed_lines": [1, 3, 7, 10, 13, 14], "summary": {"covered_lines": 5, "num_statements": 7, "percent_covered": 71.42857142857143, "percent_covered_display": "71", "missing_lines": 2, "excluded_lines": 0, "percent_statements_covered": 71.42857142857143, "percent_statements_covered_display": "71"}, "missing_lines": [8, 11], "excluded_lines": []}}}, "src/logging_config.py": {"executed_lines": [1, 3, 5, 6, 7, 8, 10, 13, 16, 17, 19, 20, 22, 24, 25, 27, 28, 29, 30, 31, 39, 44, 47, 48, 49, 50, 51, 54, 55, 56, 57], "summary": {"covered_lines": 30, "num_statements": 30, "percent_covered": 100.0, "percent_covered_display": "100", "missing_lines": 0, "excluded_lines": 0, "percent_statements_covered": 100.0, "percent_statements_covered_display": "100"}, "missing_lines": [], "excluded_lines": [], "functions": {"configure_logging": {"executed_lines": [16, 17, 19, 20, 22, 24, 25, 27, 28, 29, 30, 31, 39, 44], "summary": {"covered_lines": 14, "num_statements": 14, "percent_covered": 100.0, "percent_covered_display": "100", "missing_lines": 0, "excluded_lines": 0, "percent_statements_covered": 100.0, "percent_statements_covered_display": "100"}, "missing_lines": [], "excluded_lines": []}, "_read_level": {"executed_lines": [48, 49, 50, 51], "summary": {"covered_lines": 4, "num_statements": 4, "percent_covered": 100.0, "percent_covered_display": "100", "missing_lines": 0, "excluded_lines": 0, "percent_statements_covered": 100.0, "percent_statements_covered_display": "100"}, "missing_lines": [], "excluded_lines": []}, "_map_level": {"executed_lines": [55, 56, 57], "summary": {"covered_lines": 3, "num_statements": 3, "percent_covered": 100.0, "percent_covered_display": "100", "missing_lines": 0, "excluded_lines": 0, "percent_statements_covered": 100.0, "percent_statements_covered_display": "100"}, "missing_lines": [], "excluded_lines": []}, "": {"executed_lines": [1, 3, 5, 6, 7, 8, 10, 13, 47, 54], "summary": {"covered_lines": 9, "num_statements": 9, "percent_covered": 100.0, "percent_covered_display": "100", "missing_lines": 0, "excluded_lines": 0, "percent_statements_covered": 100.0, "percent_statements_covered_display": "100"}, "missing_lines": [], "excluded_lines": []}}, "classes": {"": {"executed_lines": [1, 3, 5, 6, 7, 8, 10, 13, 16, 17, 19, 20, 22, 24, 25, 27, 28, 29, 30, 31, 39, 44, 47, 48, 49, 50, 51, 54, 55, 56, 57], "summary": {"covered_lines": 30, "num_statements": 30, "percent_covered": 100.0, "percent_covered_display": "100", "missing_lines": 0, "excluded_lines": 0, "percent_statements_covered": 100.0, "percent_statements_covered_display": "100"}, "missing_lines": [], "excluded_lines": []}}}, "src/metrics/__init__.py": {"executed_lines": [1, 3, 5, 6, 8], "summary": {"covered_lines": 4, "num_statements": 4, "percent_covered": 100.0, "percent_covered_display": "100", "missing_lines": 0, "excluded_lines": 0, "percent_statements_covered": 100.0, "percent_statements_covered_display": "100"}, "missing_lines": [], "excluded_lines": [], "functions": {"": {"executed_lines": [1, 3, 5, 6, 8], "summary": {"covered_lines": 4, "num_statements": 4, "percent_covered": 100.0, "percent_covered_display": "100", "missing_lines": 0, "excluded_lines": 0, "percent_statements_covered": 100.0, "percent_statements_covered_display": "100"}, "missing_lines": [], "excluded_lines": []}}, "classes": {"": {"executed_lines": [1, 3, 5, 6, 8], "summary": {"covered_lines": 4, "num_statements": 4, "percent_covered": 100.0, "percent_covered_display": "100", "missing_lines": 0, "excluded_lines": 0, "percent_statements_covered": 100.0, "percent_statements_covered_display": "100"}, "missing_lines": [], "excluded_lines": []}}}, "src/metrics/base.py": {"executed_lines": [1, 3, 5, 6, 8, 11, 12, 19, 20, 22, 23, 24, 26, 27, 30], "summary": {"covered_lines": 13, "num_statements": 15, "percent_covered": 86.66666666666667, "percent_covered_display": "87", "missing_lines": 2, "excluded_lines": 0, "percent_statements_covered": 86.66666666666667, "percent_statements_covered_display": "87"}, "missing_lines": [31, 32], "excluded_lines": [], "functions": {"Metric.__init__": {"executed_lines": [23, 24], "summary": {"covered_lines": 2, "num_statements": 2, "percent_covered": 100.0, "percent_covered_display": "100", "missing_lines": 0, "excluded_lines": 0, "percent_statements_covered": 100.0, "percent_statements_covered_display": "100"}, "missing_lines": [], "excluded_lines": []}, "Metric.compute": {"executed_lines": [], "summary": {"covered_lines": 0, "num_statements": 0, "percent_covered": 100.0, "percent_covered_display": "100", "missing_lines": 0, "excluded_lines": 0, "percent_statements_covered": 100.0, "percent_statements_covered_display": "100"}, "missing_lines": [], "excluded_lines": []}, "Metric.__repr__": {"executed_lines": [], "summary": {"covered_lines": 0, "num_statements": 2, "percent_covered": 0.0, "percent_covered_display": "0", "missing_lines": 2, "excluded_lines": 0, "percent_statements_covered": 0.0, "percent_statements_covered_display": "0"}, "missing_lines": [31, 32], "excluded_lines": []}, "": {"executed_lines": [1, 3, 5, 6, 8, 11, 12, 19, 20, 22, 26, 27, 30], "summary": {"covered_lines": 11, "num_statements": 11, "percent_covered": 100.0, "percent_covered_display": "100", "missing_lines": 0, "excluded_lines": 0, "percent_statements_covered": 100.0, "percent_statements_covered_display": "100"}, "missing_lines": [], "excluded_lines": []}}, "classes": {"Metric": {"executed_lines": [23, 24], "summary": {"covered_lines": 2, "num_statements": 4, "percent_covered": 50.0, "percent_covered_display": "50", "missing_lines": 2, "excluded_lines": 0, "percent_statements_covered": 50.0, "percent_statements_covered_display": "50"}, "missing_lines": [31, 32], "excluded_lines": []}, "": {"executed_lines": [1, 3, 5, 6, 8, 11, 12, 19, 20, 22, 26, 27, 30], "summary": {"covered_lines": 11, "num_statements": 11, "percent_covered": 100.0, "percent_covered_display": "100", "missing_lines": 0, "excluded_lines": 0, "percent_statements_covered": 100.0, "percent_statements_covered_display": "100"}, "missing_lines": [], "excluded_lines": []}}}, "src/metrics/bus_factor.py": {"executed_lines": [1, 3, 5, 6, 7, 8, 9, 11, 12, 13, 14, 16, 18, 20, 22, 28, 29, 30, 32, 37, 38, 39, 42, 43, 45, 52, 60, 61, 63, 68, 69, 70, 72, 73, 78, 79, 82, 83, 84, 86, 87, 88, 89, 90, 91, 100, 104, 105, 106, 107, 112, 114, 115, 116, 117, 118, 119, 127, 137, 138, 139, 141, 147, 157, 159, 164, 165, 166, 168, 175, 180, 182, 183, 184, 185, 186, 187, 189, 190, 191, 192, 193, 194, 196, 197, 198, 207, 208, 209, 210, 211, 216, 219, 220, 223, 224, 225, 226, 227, 228, 231, 232, 233, 235, 239, 240, 243, 244, 245, 246, 248, 251, 253, 254, 255, 256, 257, 259, 261, 264, 268, 269, 271, 272, 273, 276, 277, 279, 282, 285, 288, 292, 293, 294, 296, 297, 298, 299, 300, 304, 305, 306, 307, 319, 322, 324, 326, 328, 330, 331, 333, 335, 336, 337, 338, 339, 341, 343, 346, 348, 351, 365, 366, 367, 369, 370, 371, 372, 373, 375, 376, 377, 378, 379, 380, 388, 389, 390, 395, 397, 402, 416, 419, 424, 425, 427, 428, 438, 439, 440, 441, 442, 444, 446, 449, 451, 454, 455, 456, 458, 459, 463, 464, 465, 466, 467, 468, 470, 471, 472, 473, 474, 475, 477, 479, 482, 483, 484, 485, 489, 490, 492, 493, 501, 502, 503, 506, 507, 510, 511, 512, 513, 514, 517, 518, 519, 520, 523, 524, 525, 526, 531, 532, 533, 534, 544, 547, 548, 552, 553, 554, 555, 556, 557, 560, 561, 562, 564, 565], "summary": {"covered_lines": 252, "num_statements": 329, "percent_covered": 76.59574468085107, "percent_covered_display": "77", "missing_lines": 77, "excluded_lines": 21, "percent_statements_covered": 76.59574468085107, "percent_statements_covered_display": "77"}, "missing_lines": [74, 75, 76, 80, 169, 173, 176, 177, 178, 179, 199, 200, 205, 241, 247, 249, 274, 280, 283, 301, 308, 309, 310, 311, 312, 313, 320, 323, 325, 327, 329, 340, 342, 344, 381, 382, 383, 384, 386, 426, 429, 430, 431, 432, 433, 434, 436, 443, 445, 447, 457, 460, 469, 476, 478, 486, 491, 494, 495, 496, 497, 498, 504, 505, 521, 522, 536, 540, 541, 542, 543, 563, 566, 567, 568, 569, 570], "excluded_lines": [38, 39, 40, 41, 43, 44, 45, 46, 47, 48, 49, 50, 51, 52, 53, 54, 55, 56, 57, 58, 59], "functions": {"_HFClientProtocol.get_model_readme": {"executed_lines": [38], "summary": {"covered_lines": 0, "num_statements": 0, "percent_covered": 100.0, "percent_covered_display": "100", "missing_lines": 0, "excluded_lines": 1, "percent_statements_covered": 100.0, "percent_statements_covered_display": "100"}, "missing_lines": [], "excluded_lines": [38]}, "_HFClientProtocol.get_model_info": {"executed_lines": [39], "summary": {"covered_lines": 0, "num_statements": 0, "percent_covered": 100.0, "percent_covered_display": "100", "missing_lines": 0, "excluded_lines": 1, "percent_statements_covered": 100.0, "percent_statements_covered_display": "100"}, "missing_lines": [], "excluded_lines": [39]}, "_GitClientProtocol.get_repo_metadata": {"executed_lines": [43], "summary": {"covered_lines": 0, "num_statements": 0, "percent_covered": 100.0, "percent_covered_display": "100", "missing_lines": 0, "excluded_lines": 1, "percent_statements_covered": 100.0, "percent_statements_covered_display": "100"}, "missing_lines": [], "excluded_lines": [43]}, "_GitClientProtocol.list_repo_files": {"executed_lines": [], "summary": {"covered_lines": 0, "num_statements": 0, "percent_covered": 100.0, "percent_covered_display": "100", "missing_lines": 0, "excluded_lines": 1, "percent_statements_covered": 100.0, "percent_statements_covered_display": "100"}, "missing_lines": [], "excluded_lines": [50]}, "_GitClientProtocol.list_repo_contributors": {"executed_lines": [], "summary": {"covered_lines": 0, "num_statements": 0, "percent_covered": 100.0, "percent_covered_display": "100", "missing_lines": 0, "excluded_lines": 1, "percent_statements_covered": 100.0, "percent_statements_covered_display": "100"}, "missing_lines": [], "excluded_lines": [57]}, "BusFactorMetric.__init__": {"executed_lines": [68, 69, 70], "summary": {"covered_lines": 3, "num_statements": 3, "percent_covered": 100.0, "percent_covered_display": "100", "missing_lines": 0, "excluded_lines": 0, "percent_statements_covered": 100.0, "percent_statements_covered_display": "100"}, "missing_lines": [], "excluded_lines": []}, "BusFactorMetric.compute": {"executed_lines": [73, 78, 79, 82, 83, 84, 86, 87, 88, 89, 90, 91, 100, 104, 105, 106, 107, 112, 114, 115, 116, 117, 118, 119, 127, 137, 138, 139, 141, 147, 157], "summary": {"covered_lines": 31, "num_statements": 35, "percent_covered": 88.57142857142857, "percent_covered_display": "89", "missing_lines": 4, "excluded_lines": 0, "percent_statements_covered": 88.57142857142857, "percent_statements_covered_display": "89"}, "missing_lines": [74, 75, 76, 80], "excluded_lines": []}, "BusFactorMetric._select_repo_url": {"executed_lines": [164, 165, 166, 168, 175, 180], "summary": {"covered_lines": 6, "num_statements": 12, "percent_covered": 50.0, "percent_covered_display": "50", "missing_lines": 6, "excluded_lines": 0, "percent_statements_covered": 50.0, "percent_statements_covered_display": "50"}, "missing_lines": [169, 173, 176, 177, 178, 179], "excluded_lines": []}, "BusFactorMetric._safe_readme": {"executed_lines": [183, 184, 185, 186, 187], "summary": {"covered_lines": 5, "num_statements": 5, "percent_covered": 100.0, "percent_covered_display": "100", "missing_lines": 0, "excluded_lines": 0, "percent_statements_covered": 100.0, "percent_statements_covered_display": "100"}, "missing_lines": [], "excluded_lines": []}, "BusFactorMetric._safe_model_info": {"executed_lines": [190, 191, 192, 193, 194], "summary": {"covered_lines": 5, "num_statements": 5, "percent_covered": 100.0, "percent_covered_display": "100", "missing_lines": 0, "excluded_lines": 0, "percent_statements_covered": 100.0, "percent_statements_covered_display": "100"}, "missing_lines": [], "excluded_lines": []}, "BusFactorMetric._safe_repo_metadata": {"executed_lines": [197, 198], "summary": {"covered_lines": 2, "num_statements": 5, "percent_covered": 40.0, "percent_covered_display": "40", "missing_lines": 3, "excluded_lines": 0, "percent_statements_covered": 40.0, "percent_statements_covered_display": "40"}, "missing_lines": [199, 200, 205], "excluded_lines": []}, "BusFactorMetric._safe_contributors": {"executed_lines": [208, 209, 210, 211, 216], "summary": {"covered_lines": 5, "num_statements": 5, "percent_covered": 100.0, "percent_covered_display": "100", "missing_lines": 0, "excluded_lines": 0, "percent_statements_covered": 100.0, "percent_statements_covered_display": "100"}, "missing_lines": [], "excluded_lines": []}, "_extract_hf_url": {"executed_lines": [220], "summary": {"covered_lines": 1, "num_statements": 1, "percent_covered": 100.0, "percent_covered_display": "100", "missing_lines": 0, "excluded_lines": 0, "percent_statements_covered": 100.0, "percent_statements_covered_display": "100"}, "missing_lines": [], "excluded_lines": []}, "_normalize_github_url": {"executed_lines": [224, 225, 226, 227, 228], "summary": {"covered_lines": 5, "num_statements": 5, "percent_covered": 100.0, "percent_covered_display": "100", "missing_lines": 0, "excluded_lines": 0, "percent_statements_covered": 100.0, "percent_statements_covered_display": "100"}, "missing_lines": [], "excluded_lines": []}, "_contributor_diversity": {"executed_lines": [232, 233, 235, 239, 240, 243, 244, 245, 246, 248, 251, 253, 254, 255, 256, 257, 259, 261], "summary": {"covered_lines": 18, "num_statements": 21, "percent_covered": 85.71428571428571, "percent_covered_display": "86", "missing_lines": 3, "excluded_lines": 0, "percent_statements_covered": 85.71428571428571, "percent_statements_covered_display": "86"}, "missing_lines": [241, 247, 249], "excluded_lines": []}, "_ownership_resilience": {"executed_lines": [268, 269, 271, 272, 273, 276, 277, 279, 282, 285], "summary": {"covered_lines": 10, "num_statements": 13, "percent_covered": 76.92307692307692, "percent_covered_display": "77", "missing_lines": 3, "excluded_lines": 0, "percent_statements_covered": 76.92307692307692, "percent_statements_covered_display": "77"}, "missing_lines": [274, 280, 283], "excluded_lines": []}, "_community_support": {"executed_lines": [292, 293, 294, 296, 297, 298, 299, 300, 304, 305, 306, 307, 319, 322, 324, 326, 328, 330, 331, 333, 335, 336, 337, 338, 339, 341, 343, 346, 348], "summary": {"covered_lines": 29, "num_statements": 44, "percent_covered": 65.9090909090909, "percent_covered_display": "66", "missing_lines": 15, "excluded_lines": 0, "percent_statements_covered": 65.9090909090909, "percent_statements_covered_display": "66"}, "missing_lines": [301, 308, 309, 310, 311, 312, 313, 320, 323, 325, 327, 329, 340, 342, 344], "excluded_lines": []}, "_hf_metadata_fallback": {"executed_lines": [366, 367, 369, 370, 371, 372, 373, 375, 376, 377, 378, 379, 380, 388, 389, 390, 395, 397, 402, 416], "summary": {"covered_lines": 20, "num_statements": 25, "percent_covered": 80.0, "percent_covered_display": "80", "missing_lines": 5, "excluded_lines": 0, "percent_statements_covered": 80.0, "percent_statements_covered_display": "80"}, "missing_lines": [381, 382, 383, 384, 386], "excluded_lines": []}, "_hf_community_score": {"executed_lines": [424, 425, 427, 428, 438, 439, 440, 441, 442, 444, 446, 449, 451], "summary": {"covered_lines": 13, "num_statements": 24, "percent_covered": 54.166666666666664, "percent_covered_display": "54", "missing_lines": 11, "excluded_lines": 0, "percent_statements_covered": 54.166666666666664, "percent_statements_covered_display": "54"}, "missing_lines": [426, 429, 430, 431, 432, 433, 434, 436, 443, 445, 447], "excluded_lines": []}, "_hf_card_data": {"executed_lines": [455, 456, 458, 459], "summary": {"covered_lines": 4, "num_statements": 6, "percent_covered": 66.66666666666667, "percent_covered_display": "67", "missing_lines": 2, "excluded_lines": 0, "percent_statements_covered": 66.66666666666667, "percent_statements_covered_display": "67"}, "missing_lines": [457, 460], "excluded_lines": []}, "_hf_maintainers": {"executed_lines": [464, 465, 466, 467, 468, 470, 471, 472, 473, 474, 475, 477, 479], "summary": {"covered_lines": 13, "num_statements": 16, "percent_covered": 81.25, "percent_covered_display": "81", "missing_lines": 3, "excluded_lines": 0, "percent_statements_covered": 81.25, "percent_statements_covered_display": "81"}, "missing_lines": [469, 476, 478], "excluded_lines": []}, "_hf_owner": {"executed_lines": [483, 484, 485], "summary": {"covered_lines": 3, "num_statements": 4, "percent_covered": 75.0, "percent_covered_display": "75", "missing_lines": 1, "excluded_lines": 0, "percent_statements_covered": 75.0, "percent_statements_covered_display": "75"}, "missing_lines": [486], "excluded_lines": []}, "_maintainer_count_score": {"executed_lines": [490, 492, 493], "summary": {"covered_lines": 3, "num_statements": 9, "percent_covered": 33.333333333333336, "percent_covered_display": "33", "missing_lines": 6, "excluded_lines": 0, "percent_statements_covered": 33.333333333333336, "percent_statements_covered_display": "33"}, "missing_lines": [491, 494, 495, 496, 497, 498], "excluded_lines": []}, "_days_since": {"executed_lines": [502, 503, 506, 507], "summary": {"covered_lines": 4, "num_statements": 6, "percent_covered": 66.66666666666667, "percent_covered_display": "67", "missing_lines": 2, "excluded_lines": 0, "percent_statements_covered": 66.66666666666667, "percent_statements_covered_display": "67"}, "missing_lines": [504, 505], "excluded_lines": []}, "_parse_iso_datetime": {"executed_lines": [511, 512, 513, 514], "summary": {"covered_lines": 4, "num_statements": 4, "percent_covered": 100.0, "percent_covered_display": "100", "missing_lines": 0, "excluded_lines": 0, "percent_statements_covered": 100.0, "percent_statements_covered_display": "100"}, "missing_lines": [], "excluded_lines": []}, "_extract_readme_maintainers": {"executed_lines": [518, 519, 520, 523, 524, 525, 526, 531, 532, 533, 534, 544], "summary": {"covered_lines": 12, "num_statements": 19, "percent_covered": 63.1578947368421, "percent_covered_display": "63", "missing_lines": 7, "excluded_lines": 0, "percent_statements_covered": 63.1578947368421, "percent_statements_covered_display": "63"}, "missing_lines": [521, 522, 536, 540, 541, 542, 543], "excluded_lines": []}, "_extract_names_from_section": {"executed_lines": [548, 552, 553, 554, 555, 556, 557], "summary": {"covered_lines": 7, "num_statements": 7, "percent_covered": 100.0, "percent_covered_display": "100", "missing_lines": 0, "excluded_lines": 0, "percent_statements_covered": 100.0, "percent_statements_covered_display": "100"}, "missing_lines": [], "excluded_lines": []}, "_readme_contributor_score": {"executed_lines": [561, 562, 564, 565], "summary": {"covered_lines": 4, "num_statements": 10, "percent_covered": 40.0, "percent_covered_display": "40", "missing_lines": 6, "excluded_lines": 0, "percent_statements_covered": 40.0, "percent_statements_covered_display": "40"}, "missing_lines": [563, 566, 567, 568, 569, 570], "excluded_lines": []}, "": {"executed_lines": [1, 3, 5, 6, 7, 8, 9, 11, 12, 13, 14, 16, 18, 20, 22, 28, 29, 30, 32, 37, 42, 45, 52, 60, 61, 63, 72, 159, 182, 189, 196, 207, 219, 223, 231, 264, 288, 351, 365, 419, 454, 463, 482, 489, 501, 510, 517, 547, 560], "summary": {"covered_lines": 45, "num_statements": 45, "percent_covered": 100.0, "percent_covered_display": "100", "missing_lines": 0, "excluded_lines": 16, "percent_statements_covered": 100.0, "percent_statements_covered_display": "100"}, "missing_lines": [], "excluded_lines": [40, 41, 44, 45, 46, 47, 48, 49, 51, 52, 53, 54, 55, 56, 58, 59]}}, "classes": {"_HFClientProtocol": {"executed_lines": [38, 39], "summary": {"covered_lines": 0, "num_statements": 0, "percent_covered": 100.0, "percent_covered_display": "100", "missing_lines": 0, "excluded_lines": 2, "percent_statements_covered": 100.0, "percent_statements_covered_display": "100"}, "missing_lines": [], "excluded_lines": [38, 39]}, "_GitClientProtocol": {"executed_lines": [43], "summary": {"covered_lines": 0, "num_statements": 0, "percent_covered": 100.0, "percent_covered_display": "100", "missing_lines": 0, "excluded_lines": 3, "percent_statements_covered": 100.0, "percent_statements_covered_display": "100"}, "missing_lines": [], "excluded_lines": [43, 50, 57]}, "BusFactorMetric": {"executed_lines": [68, 69, 70, 73, 78, 79, 82, 83, 84, 86, 87, 88, 89, 90, 91, 100, 104, 105, 106, 107, 112, 114, 115, 116, 117, 118, 119, 127, 137, 138, 139, 141, 147, 157, 164, 165, 166, 168, 175, 180, 183, 184, 185, 186, 187, 190, 191, 192, 193, 194, 197, 198, 208, 209, 210, 211, 216], "summary": {"covered_lines": 57, "num_statements": 70, "percent_covered": 81.42857142857143, "percent_covered_display": "81", "missing_lines": 13, "excluded_lines": 0, "percent_statements_covered": 81.42857142857143, "percent_statements_covered_display": "81"}, "missing_lines": [74, 75, 76, 80, 169, 173, 176, 177, 178, 179, 199, 200, 205], "excluded_lines": []}, "": {"executed_lines": [1, 3, 5, 6, 7, 8, 9, 11, 12, 13, 14, 16, 18, 20, 22, 28, 29, 30, 32, 37, 42, 45, 52, 60, 61, 63, 72, 159, 182, 189, 196, 207, 219, 220, 223, 224, 225, 226, 227, 228, 231, 232, 233, 235, 239, 240, 243, 244, 245, 246, 248, 251, 253, 254, 255, 256, 257, 259, 261, 264, 268, 269, 271, 272, 273, 276, 277, 279, 282, 285, 288, 292, 293, 294, 296, 297, 298, 299, 300, 304, 305, 306, 307, 319, 322, 324, 326, 328, 330, 331, 333, 335, 336, 337, 338, 339, 341, 343, 346, 348, 351, 365, 366, 367, 369, 370, 371, 372, 373, 375, 376, 377, 378, 379, 380, 388, 389, 390, 395, 397, 402, 416, 419, 424, 425, 427, 428, 438, 439, 440, 441, 442, 444, 446, 449, 451, 454, 455, 456, 458, 459, 463, 464, 465, 466, 467, 468, 470, 471, 472, 473, 474, 475, 477, 479, 482, 483, 484, 485, 489, 490, 492, 493, 501, 502, 503, 506, 507, 510, 511, 512, 513, 514, 517, 518, 519, 520, 523, 524, 525, 526, 531, 532, 533, 534, 544, 547, 548, 552, 553, 554, 555, 556, 557, 560, 561, 562, 564, 565], "summary": {"covered_lines": 195, "num_statements": 259, "percent_covered": 75.2895752895753, "percent_covered_display": "75", "missing_lines": 64, "excluded_lines": 16, "percent_statements_covered": 75.2895752895753, "percent_statements_covered_display": "75"}, "missing_lines": [241, 247, 249, 274, 280, 283, 301, 308, 309, 310, 311, 312, 313, 320, 323, 325, 327, 329, 340, 342, 344, 381, 382, 383, 384, 386, 426, 429, 430, 431, 432, 433, 434, 436, 443, 445, 447, 457, 460, 469, 476, 478, 486, 491, 494, 495, 496, 497, 498, 504, 505, 521, 522, 536, 540, 541, 542, 543, 563, 566, 567, 568, 569, 570], "excluded_lines": [40, 41, 44, 45, 46, 47, 48, 49, 51, 52, 53, 54, 55, 56, 58, 59]}}}, "src/metrics/code_quality.py": {"executed_lines": [1, 3, 5, 6, 7, 8, 9, 11, 12, 13, 14, 16, 18, 19, 21, 27, 28, 29, 31, 35, 42, 50, 58, 59, 62, 63, 65, 70, 71, 73, 78, 79, 80, 82, 83, 88, 89, 92, 93, 95, 96, 97, 98, 99, 101, 102, 103, 108, 109, 111, 123, 125, 130, 131, 132, 134, 141, 142, 143, 144, 145, 146, 148, 149, 150, 151, 152, 153, 155, 156, 157, 158, 159, 164, 166, 171, 172, 173, 176, 177, 178, 179, 184, 186, 189, 190, 193, 196, 199, 203, 204, 205, 206, 208, 215, 216, 223, 225, 228, 229, 230, 231, 239, 240, 241, 242, 246, 247, 248, 249, 250, 251, 252, 253, 254, 255, 256, 258, 259, 260, 261, 262, 265, 266, 268, 269, 270, 271, 273, 276, 277, 279, 280, 281, 282, 283, 284, 285, 286, 288, 291, 294, 295, 296, 297, 298, 301, 303, 304, 305, 308, 309, 315, 318, 319, 322, 323, 324, 325, 326, 327, 330, 331, 332, 335, 336, 337, 345, 346, 347, 350, 351, 352, 355, 356, 357, 358, 359], "summary": {"covered_lines": 173, "num_statements": 186, "percent_covered": 93.01075268817205, "percent_covered_display": "93", "missing_lines": 13, "excluded_lines": 10, "percent_statements_covered": 93.01075268817205, "percent_statements_covered_display": "93"}, "missing_lines": [84, 85, 86, 90, 135, 139, 287, 289, 299, 302, 306, 348, 349], "excluded_lines": [59, 60, 61, 63, 64, 65, 66, 67, 68, 69], "functions": {"_HFClientProtocol.get_model_readme": {"executed_lines": [59], "summary": {"covered_lines": 0, "num_statements": 0, "percent_covered": 100.0, "percent_covered_display": "100", "missing_lines": 0, "excluded_lines": 1, "percent_statements_covered": 100.0, "percent_statements_covered_display": "100"}, "missing_lines": [], "excluded_lines": [59]}, "_GitClientProtocol.get_repo_metadata": {"executed_lines": [63], "summary": {"covered_lines": 0, "num_statements": 0, "percent_covered": 100.0, "percent_covered_display": "100", "missing_lines": 0, "excluded_lines": 1, "percent_statements_covered": 100.0, "percent_statements_covered_display": "100"}, "missing_lines": [], "excluded_lines": [63]}, "_GitClientProtocol.list_repo_files": {"executed_lines": [], "summary": {"covered_lines": 0, "num_statements": 0, "percent_covered": 100.0, "percent_covered_display": "100", "missing_lines": 0, "excluded_lines": 1, "percent_statements_covered": 100.0, "percent_statements_covered_display": "100"}, "missing_lines": [], "excluded_lines": [67]}, "CodeQualityMetric.__init__": {"executed_lines": [78, 79, 80], "summary": {"covered_lines": 3, "num_statements": 3, "percent_covered": 100.0, "percent_covered_display": "100", "missing_lines": 0, "excluded_lines": 0, "percent_statements_covered": 100.0, "percent_statements_covered_display": "100"}, "missing_lines": [], "excluded_lines": []}, "CodeQualityMetric.compute": {"executed_lines": [83, 88, 89, 92, 93, 95, 96, 97, 98, 99, 101, 102, 103, 108, 109, 111, 123], "summary": {"covered_lines": 17, "num_statements": 21, "percent_covered": 80.95238095238095, "percent_covered_display": "81", "missing_lines": 4, "excluded_lines": 0, "percent_statements_covered": 80.95238095238095, "percent_statements_covered_display": "81"}, "missing_lines": [84, 85, 86, 90], "excluded_lines": []}, "CodeQualityMetric._select_repo_url": {"executed_lines": [130, 131, 132, 134, 141, 142, 143, 144, 145, 146], "summary": {"covered_lines": 10, "num_statements": 12, "percent_covered": 83.33333333333333, "percent_covered_display": "83", "missing_lines": 2, "excluded_lines": 0, "percent_statements_covered": 83.33333333333333, "percent_statements_covered_display": "83"}, "missing_lines": [135, 139], "excluded_lines": []}, "CodeQualityMetric._safe_readme": {"executed_lines": [149, 150, 151, 152, 153], "summary": {"covered_lines": 5, "num_statements": 5, "percent_covered": 100.0, "percent_covered_display": "100", "missing_lines": 0, "excluded_lines": 0, "percent_statements_covered": 100.0, "percent_statements_covered_display": "100"}, "missing_lines": [], "excluded_lines": []}, "CodeQualityMetric._safe_repo_metadata": {"executed_lines": [156, 157, 158, 159, 164], "summary": {"covered_lines": 5, "num_statements": 5, "percent_covered": 100.0, "percent_covered_display": "100", "missing_lines": 0, "excluded_lines": 0, "percent_statements_covered": 100.0, "percent_statements_covered_display": "100"}, "missing_lines": [], "excluded_lines": []}, "CodeQualityMetric._safe_repo_files": {"executed_lines": [171, 172, 173, 176, 177, 178, 179, 184], "summary": {"covered_lines": 8, "num_statements": 8, "percent_covered": 100.0, "percent_covered_display": "100", "missing_lines": 0, "excluded_lines": 0, "percent_statements_covered": 100.0, "percent_statements_covered_display": "100"}, "missing_lines": [], "excluded_lines": []}, "CodeQualityMetric._hygiene_score": {"executed_lines": [189, 190, 193, 196, 199, 203, 204, 205, 206, 208, 215, 216, 223], "summary": {"covered_lines": 13, "num_statements": 13, "percent_covered": 100.0, "percent_covered_display": "100", "missing_lines": 0, "excluded_lines": 0, "percent_statements_covered": 100.0, "percent_statements_covered_display": "100"}, "missing_lines": [], "excluded_lines": []}, "CodeQualityMetric._docs_score": {"executed_lines": [228, 229, 230, 231, 239, 240, 241, 242, 246, 247, 248, 249, 250, 251, 252, 253, 254, 255, 256, 258, 259, 260, 261, 262, 265, 266, 268, 269, 270, 271], "summary": {"covered_lines": 30, "num_statements": 30, "percent_covered": 100.0, "percent_covered_display": "100", "missing_lines": 0, "excluded_lines": 0, "percent_statements_covered": 100.0, "percent_statements_covered_display": "100"}, "missing_lines": [], "excluded_lines": []}, "CodeQualityMetric._activity_bonus": {"executed_lines": [276, 277, 279, 280, 281, 282, 283, 284, 285, 286, 288, 291, 294, 295, 296, 297, 298, 301, 303, 304, 305, 308, 309, 315], "summary": {"covered_lines": 24, "num_statements": 29, "percent_covered": 82.75862068965517, "percent_covered_display": "83", "missing_lines": 5, "excluded_lines": 0, "percent_statements_covered": 82.75862068965517, "percent_statements_covered_display": "83"}, "missing_lines": [287, 289, 299, 302, 306], "excluded_lines": []}, "_extract_hf_url": {"executed_lines": [319], "summary": {"covered_lines": 1, "num_statements": 1, "percent_covered": 100.0, "percent_covered_display": "100", "missing_lines": 0, "excluded_lines": 0, "percent_statements_covered": 100.0, "percent_statements_covered_display": "100"}, "missing_lines": [], "excluded_lines": []}, "_normalize_github_url": {"executed_lines": [323, 324, 325, 326, 327], "summary": {"covered_lines": 5, "num_statements": 5, "percent_covered": 100.0, "percent_covered_display": "100", "missing_lines": 0, "excluded_lines": 0, "percent_statements_covered": 100.0, "percent_statements_covered_display": "100"}, "missing_lines": [], "excluded_lines": []}, "_matches_any": {"executed_lines": [331, 332], "summary": {"covered_lines": 2, "num_statements": 2, "percent_covered": 100.0, "percent_covered_display": "100", "missing_lines": 0, "excluded_lines": 0, "percent_statements_covered": 100.0, "percent_statements_covered_display": "100"}, "missing_lines": [], "excluded_lines": []}, "_is_test_path": {"executed_lines": [336, 337], "summary": {"covered_lines": 2, "num_statements": 2, "percent_covered": 100.0, "percent_covered_display": "100", "missing_lines": 0, "excluded_lines": 0, "percent_statements_covered": 100.0, "percent_statements_covered_display": "100"}, "missing_lines": [], "excluded_lines": []}, "_days_since": {"executed_lines": [346, 347, 350, 351, 352], "summary": {"covered_lines": 5, "num_statements": 7, "percent_covered": 71.42857142857143, "percent_covered_display": "71", "missing_lines": 2, "excluded_lines": 0, "percent_statements_covered": 71.42857142857143, "percent_statements_covered_display": "71"}, "missing_lines": [348, 349], "excluded_lines": []}, "_parse_iso_datetime": {"executed_lines": [356, 357, 358, 359], "summary": {"covered_lines": 4, "num_statements": 4, "percent_covered": 100.0, "percent_covered_display": "100", "missing_lines": 0, "excluded_lines": 0, "percent_statements_covered": 100.0, "percent_statements_covered_display": "100"}, "missing_lines": [], "excluded_lines": []}, "": {"executed_lines": [1, 3, 5, 6, 7, 8, 9, 11, 12, 13, 14, 16, 18, 19, 21, 27, 28, 29, 31, 35, 42, 50, 58, 62, 65, 70, 71, 73, 82, 125, 148, 155, 166, 186, 225, 273, 318, 322, 330, 335, 345, 355], "summary": {"covered_lines": 39, "num_statements": 39, "percent_covered": 100.0, "percent_covered_display": "100", "missing_lines": 0, "excluded_lines": 7, "percent_statements_covered": 100.0, "percent_statements_covered_display": "100"}, "missing_lines": [], "excluded_lines": [60, 61, 64, 65, 66, 68, 69]}}, "classes": {"_HFClientProtocol": {"executed_lines": [59], "summary": {"covered_lines": 0, "num_statements": 0, "percent_covered": 100.0, "percent_covered_display": "100", "missing_lines": 0, "excluded_lines": 1, "percent_statements_covered": 100.0, "percent_statements_covered_display": "100"}, "missing_lines": [], "excluded_lines": [59]}, "_GitClientProtocol": {"executed_lines": [63], "summary": {"covered_lines": 0, "num_statements": 0, "percent_covered": 100.0, "percent_covered_display": "100", "missing_lines": 0, "excluded_lines": 2, "percent_statements_covered": 100.0, "percent_statements_covered_display": "100"}, "missing_lines": [], "excluded_lines": [63, 67]}, "CodeQualityMetric": {"executed_lines": [78, 79, 80, 83, 88, 89, 92, 93, 95, 96, 97, 98, 99, 101, 102, 103, 108, 109, 111, 123, 130, 131, 132, 134, 141, 142, 143, 144, 145, 146, 149, 150, 151, 152, 153, 156, 157, 158, 159, 164, 171, 172, 173, 176, 177, 178, 179, 184, 189, 190, 193, 196, 199, 203, 204, 205, 206, 208, 215, 216, 223, 228, 229, 230, 231, 239, 240, 241, 242, 246, 247, 248, 249, 250, 251, 252, 253, 254, 255, 256, 258, 259, 260, 261, 262, 265, 266, 268, 269, 270, 271, 276, 277, 279, 280, 281, 282, 283, 284, 285, 286, 288, 291, 294, 295, 296, 297, 298, 301, 303, 304, 305, 308, 309, 315], "summary": {"covered_lines": 115, "num_statements": 126, "percent_covered": 91.26984126984127, "percent_covered_display": "91", "missing_lines": 11, "excluded_lines": 0, "percent_statements_covered": 91.26984126984127, "percent_statements_covered_display": "91"}, "missing_lines": [84, 85, 86, 90, 135, 139, 287, 289, 299, 302, 306], "excluded_lines": []}, "": {"executed_lines": [1, 3, 5, 6, 7, 8, 9, 11, 12, 13, 14, 16, 18, 19, 21, 27, 28, 29, 31, 35, 42, 50, 58, 62, 65, 70, 71, 73, 82, 125, 148, 155, 166, 186, 225, 273, 318, 319, 322, 323, 324, 325, 326, 327, 330, 331, 332, 335, 336, 337, 345, 346, 347, 350, 351, 352, 355, 356, 357, 358, 359], "summary": {"covered_lines": 58, "num_statements": 60, "percent_covered": 96.66666666666667, "percent_covered_display": "97", "missing_lines": 2, "excluded_lines": 7, "percent_statements_covered": 96.66666666666667, "percent_statements_covered_display": "97"}, "missing_lines": [348, 349], "excluded_lines": [60, 61, 64, 65, 66, 68, 69]}}}, "src/metrics/dataset_and_code.py": {"executed_lines": [1, 3, 5, 6, 7, 8, 10, 11, 12, 14, 16, 17, 18, 24, 28, 35, 36, 38, 40, 43, 44, 46, 47, 51, 53, 54, 55, 66, 71, 75, 76, 77, 79, 80, 81, 87, 88, 90, 92, 93, 94, 98, 99, 100, 104, 105, 108, 109, 114, 115, 117, 127, 128, 129, 133, 134, 139, 140, 141, 146, 147, 149, 159, 160, 170, 172, 175, 176, 177, 178, 180, 181, 186, 187, 188, 190, 195, 197, 198, 199, 200, 201, 203, 204, 205, 210, 212, 214, 215, 216, 217, 218, 219, 221, 222, 223, 224, 225, 226, 227, 229, 230, 232, 233, 234, 236, 237, 244, 246, 247, 248, 249, 250, 251, 252, 253, 254, 256, 257, 258, 259, 260, 261, 262, 263, 264, 274, 275, 276, 278, 279, 280, 281, 284, 285, 288, 293, 294, 295, 298, 299, 300, 302, 304, 305, 309, 312, 313, 314, 315, 316, 317, 318, 321, 322, 323, 324, 326, 327, 328, 329, 330, 331, 332, 333, 335, 336, 337, 340, 341, 342, 343, 350, 391, 392, 395, 396, 397, 398, 399, 400, 402, 403, 404, 406, 407, 410], "summary": {"covered_lines": 182, "num_statements": 235, "percent_covered": 77.44680851063829, "percent_covered_display": "77", "missing_lines": 53, "excluded_lines": 10, "percent_statements_covered": 77.44680851063829, "percent_statements_covered_display": "77"}, "missing_lines": [56, 57, 61, 122, 154, 238, 265, 277, 289, 290, 303, 307, 325, 334, 344, 345, 346, 347, 351, 352, 353, 354, 355, 356, 357, 358, 359, 360, 361, 362, 363, 364, 365, 366, 367, 368, 375, 376, 377, 378, 379, 381, 382, 383, 384, 385, 386, 387, 388, 393, 401, 405, 408], "excluded_lines": [36, 37, 38, 39, 40, 41, 42, 266, 267, 272], "functions": {"_HFClientProtocol.get_model_info": {"executed_lines": [36], "summary": {"covered_lines": 0, "num_statements": 0, "percent_covered": 100.0, "percent_covered_display": "100", "missing_lines": 0, "excluded_lines": 1, "percent_statements_covered": 100.0, "percent_statements_covered_display": "100"}, "missing_lines": [], "excluded_lines": [36]}, "_HFClientProtocol.get_model_readme": {"executed_lines": [38], "summary": {"covered_lines": 0, "num_statements": 0, "percent_covered": 100.0, "percent_covered_display": "100", "missing_lines": 0, "excluded_lines": 1, "percent_statements_covered": 100.0, "percent_statements_covered_display": "100"}, "missing_lines": [], "excluded_lines": [38]}, "_HFClientProtocol.dataset_exists": {"executed_lines": [40], "summary": {"covered_lines": 0, "num_statements": 0, "percent_covered": 100.0, "percent_covered_display": "100", "missing_lines": 0, "excluded_lines": 1, "percent_statements_covered": 100.0, "percent_statements_covered_display": "100"}, "missing_lines": [], "excluded_lines": [40]}, "DatasetAndCodeMetric.__init__": {"executed_lines": [47, 51], "summary": {"covered_lines": 2, "num_statements": 2, "percent_covered": 100.0, "percent_covered_display": "100", "missing_lines": 0, "excluded_lines": 0, "percent_statements_covered": 100.0, "percent_statements_covered_display": "100"}, "missing_lines": [], "excluded_lines": []}, "DatasetAndCodeMetric.compute": {"executed_lines": [54, 55, 66, 71, 75, 76, 77, 79, 80, 81, 87, 88, 90, 92, 93, 94, 98, 99, 100, 104, 105, 108, 109, 114, 115, 117, 127, 128, 129, 133, 134, 139, 140, 141, 146, 147, 149, 159, 160, 170], "summary": {"covered_lines": 40, "num_statements": 45, "percent_covered": 88.88888888888889, "percent_covered_display": "89", "missing_lines": 5, "excluded_lines": 0, "percent_statements_covered": 88.88888888888889, "percent_statements_covered_display": "89"}, "missing_lines": [56, 57, 61, 122, 154], "excluded_lines": []}, "DatasetAndCodeMetric._dataset_score_from_manifest": {"executed_lines": [175, 176, 177, 178, 180, 181, 186, 187, 188, 190, 195], "summary": {"covered_lines": 11, "num_statements": 11, "percent_covered": 100.0, "percent_covered_display": "100", "missing_lines": 0, "excluded_lines": 0, "percent_statements_covered": 100.0, "percent_statements_covered_display": "100"}, "missing_lines": [], "excluded_lines": []}, "DatasetAndCodeMetric._score_dataset_from_hub": {"executed_lines": [198, 199, 200, 201, 203, 204, 205, 210, 212], "summary": {"covered_lines": 9, "num_statements": 9, "percent_covered": 100.0, "percent_covered_display": "100", "missing_lines": 0, "excluded_lines": 0, "percent_statements_covered": 100.0, "percent_statements_covered_display": "100"}, "missing_lines": [], "excluded_lines": []}, "DatasetAndCodeMetric._safe_model_info": {"executed_lines": [215, 216, 217, 218, 219], "summary": {"covered_lines": 5, "num_statements": 5, "percent_covered": 100.0, "percent_covered_display": "100", "missing_lines": 0, "excluded_lines": 0, "percent_statements_covered": 100.0, "percent_statements_covered_display": "100"}, "missing_lines": [], "excluded_lines": []}, "DatasetAndCodeMetric._safe_readme": {"executed_lines": [222, 223, 224, 225, 226, 227], "summary": {"covered_lines": 6, "num_statements": 6, "percent_covered": 100.0, "percent_covered_display": "100", "missing_lines": 0, "excluded_lines": 0, "percent_statements_covered": 100.0, "percent_statements_covered_display": "100"}, "missing_lines": [], "excluded_lines": []}, "DatasetAndCodeMetric._collect_dataset_urls": {"executed_lines": [230, 232, 233, 234, 236, 237, 244], "summary": {"covered_lines": 7, "num_statements": 8, "percent_covered": 87.5, "percent_covered_display": "88", "missing_lines": 1, "excluded_lines": 0, "percent_statements_covered": 87.5, "percent_statements_covered_display": "88"}, "missing_lines": [238], "excluded_lines": []}, "DatasetAndCodeMetric._validate_dataset_entries": {"executed_lines": [247, 248, 249, 250, 251, 252, 253, 254], "summary": {"covered_lines": 8, "num_statements": 8, "percent_covered": 100.0, "percent_covered_display": "100", "missing_lines": 0, "excluded_lines": 0, "percent_statements_covered": 100.0, "percent_statements_covered_display": "100"}, "missing_lines": [], "excluded_lines": []}, "DatasetAndCodeMetric._dataset_reference_is_valid": {"executed_lines": [257, 258, 259, 260, 261, 262, 263, 264], "summary": {"covered_lines": 8, "num_statements": 9, "percent_covered": 88.88888888888889, "percent_covered_display": "89", "missing_lines": 1, "excluded_lines": 3, "percent_statements_covered": 88.88888888888889, "percent_statements_covered_display": "89"}, "missing_lines": [265], "excluded_lines": [266, 267, 272]}, "DatasetAndCodeMetric._dataset_slug_from_readme": {"executed_lines": [275, 276, 278, 279, 280, 281], "summary": {"covered_lines": 6, "num_statements": 7, "percent_covered": 85.71428571428571, "percent_covered_display": "86", "missing_lines": 1, "excluded_lines": 0, "percent_statements_covered": 85.71428571428571, "percent_statements_covered_display": "86"}, "missing_lines": [277], "excluded_lines": []}, "_extract_hf_url": {"executed_lines": [285], "summary": {"covered_lines": 1, "num_statements": 1, "percent_covered": 100.0, "percent_covered_display": "100", "missing_lines": 0, "excluded_lines": 0, "percent_statements_covered": 100.0, "percent_statements_covered_display": "100"}, "missing_lines": [], "excluded_lines": []}, "_has_explicit_dataset": {"executed_lines": [], "summary": {"covered_lines": 0, "num_statements": 2, "percent_covered": 0.0, "percent_covered_display": "0", "missing_lines": 2, "excluded_lines": 0, "percent_statements_covered": 0.0, "percent_statements_covered_display": "0"}, "missing_lines": [289, 290], "excluded_lines": []}, "_has_explicit_code": {"executed_lines": [294, 295], "summary": {"covered_lines": 2, "num_statements": 2, "percent_covered": 100.0, "percent_covered_display": "100", "missing_lines": 0, "excluded_lines": 0, "percent_statements_covered": 100.0, "percent_statements_covered_display": "100"}, "missing_lines": [], "excluded_lines": []}, "_flatten_dataset_entries": {"executed_lines": [299, 300, 302, 304, 305, 309], "summary": {"covered_lines": 6, "num_statements": 8, "percent_covered": 75.0, "percent_covered_display": "75", "missing_lines": 2, "excluded_lines": 0, "percent_statements_covered": 75.0, "percent_statements_covered_display": "75"}, "missing_lines": [303, 307], "excluded_lines": []}, "_extract_dataset_from_readme": {"executed_lines": [313, 314, 315, 316, 317, 318], "summary": {"covered_lines": 6, "num_statements": 6, "percent_covered": 100.0, "percent_covered_display": "100", "missing_lines": 0, "excluded_lines": 0, "percent_statements_covered": 100.0, "percent_statements_covered_display": "100"}, "missing_lines": [], "excluded_lines": []}, "_extract_dataset_candidates_from_readme": {"executed_lines": [322, 323, 324, 326, 327, 328, 329, 330, 331, 332, 333, 335, 336, 337], "summary": {"covered_lines": 14, "num_statements": 16, "percent_covered": 87.5, "percent_covered_display": "88", "missing_lines": 2, "excluded_lines": 0, "percent_statements_covered": 87.5, "percent_statements_covered_display": "88"}, "missing_lines": [325, 334], "excluded_lines": []}, "_extract_front_matter": {"executed_lines": [341, 342, 343], "summary": {"covered_lines": 3, "num_statements": 7, "percent_covered": 42.857142857142854, "percent_covered_display": "43", "missing_lines": 4, "excluded_lines": 0, "percent_statements_covered": 42.857142857142854, "percent_statements_covered_display": "43"}, "missing_lines": [344, 345, 346, 347], "excluded_lines": []}, "_extract_datasets_from_front_matter": {"executed_lines": [], "summary": {"covered_lines": 0, "num_statements": 31, "percent_covered": 0.0, "percent_covered_display": "0", "missing_lines": 31, "excluded_lines": 0, "percent_statements_covered": 0.0, "percent_statements_covered_display": "0"}, "missing_lines": [351, 352, 353, 354, 355, 356, 357, 358, 359, 360, 361, 362, 363, 364, 365, 366, 367, 368, 375, 376, 377, 378, 379, 381, 382, 383, 384, 385, 386, 387, 388], "excluded_lines": []}, "_to_dataset_slug": {"executed_lines": [392, 395, 396, 397, 398, 399, 400, 402, 403, 404, 406, 407, 410], "summary": {"covered_lines": 13, "num_statements": 17, "percent_covered": 76.47058823529412, "percent_covered_display": "76", "missing_lines": 4, "excluded_lines": 0, "percent_statements_covered": 76.47058823529412, "percent_statements_covered_display": "76"}, "missing_lines": [393, 401, 405, 408], "excluded_lines": []}, "": {"executed_lines": [1, 3, 5, 6, 7, 8, 10, 11, 12, 14, 16, 17, 18, 24, 28, 35, 43, 44, 46, 53, 172, 197, 214, 221, 229, 246, 256, 274, 284, 288, 293, 298, 312, 321, 340, 350, 391], "summary": {"covered_lines": 35, "num_statements": 35, "percent_covered": 100.0, "percent_covered_display": "100", "missing_lines": 0, "excluded_lines": 4, "percent_statements_covered": 100.0, "percent_statements_covered_display": "100"}, "missing_lines": [], "excluded_lines": [37, 39, 41, 42]}}, "classes": {"_HFClientProtocol": {"executed_lines": [36, 38, 40], "summary": {"covered_lines": 0, "num_statements": 0, "percent_covered": 100.0, "percent_covered_display": "100", "missing_lines": 0, "excluded_lines": 3, "percent_statements_covered": 100.0, "percent_statements_covered_display": "100"}, "missing_lines": [], "excluded_lines": [36, 38, 40]}, "DatasetAndCodeMetric": {"executed_lines": [47, 51, 54, 55, 66, 71, 75, 76, 77, 79, 80, 81, 87, 88, 90, 92, 93, 94, 98, 99, 100, 104, 105, 108, 109, 114, 115, 117, 127, 128, 129, 133, 134, 139, 140, 141, 146, 147, 149, 159, 160, 170, 175, 176, 177, 178, 180, 181, 186, 187, 188, 190, 195, 198, 199, 200, 201, 203, 204, 205, 210, 212, 215, 216, 217, 218, 219, 222, 223, 224, 225, 226, 227, 230, 232, 233, 234, 236, 237, 244, 247, 248, 249, 250, 251, 252, 253, 254, 257, 258, 259, 260, 261, 262, 263, 264, 275, 276, 278, 279, 280, 281], "summary": {"covered_lines": 102, "num_statements": 110, "percent_covered": 92.72727272727273, "percent_covered_display": "93", "missing_lines": 8, "excluded_lines": 3, "percent_statements_covered": 92.72727272727273, "percent_statements_covered_display": "93"}, "missing_lines": [56, 57, 61, 122, 154, 238, 265, 277], "excluded_lines": [266, 267, 272]}, "": {"executed_lines": [1, 3, 5, 6, 7, 8, 10, 11, 12, 14, 16, 17, 18, 24, 28, 35, 43, 44, 46, 53, 172, 197, 214, 221, 229, 246, 256, 274, 284, 285, 288, 293, 294, 295, 298, 299, 300, 302, 304, 305, 309, 312, 313, 314, 315, 316, 317, 318, 321, 322, 323, 324, 326, 327, 328, 329, 330, 331, 332, 333, 335, 336, 337, 340, 341, 342, 343, 350, 391, 392, 395, 396, 397, 398, 399, 400, 402, 403, 404, 406, 407, 410], "summary": {"covered_lines": 80, "num_statements": 125, "percent_covered": 64.0, "percent_covered_display": "64", "missing_lines": 45, "excluded_lines": 4, "percent_statements_covered": 64.0, "percent_statements_covered_display": "64"}, "missing_lines": [289, 290, 303, 307, 325, 334, 344, 345, 346, 347, 351, 352, 353, 354, 355, 356, 357, 358, 359, 360, 361, 362, 363, 364, 365, 366, 367, 368, 375, 376, 377, 378, 379, 381, 382, 383, 384, 385, 386, 387, 388, 393, 401, 405, 408], "excluded_lines": [37, 39, 41, 42]}}}, "src/metrics/dataset_quality.py": {"executed_lines": [1, 3, 5, 6, 7, 8, 9, 11, 12, 13, 15, 17, 18, 19, 25, 30, 31, 32, 33, 34, 36, 37, 38, 39, 40, 41, 43, 59, 60, 62, 64, 66, 68, 71, 72, 74, 75, 76, 78, 79, 80, 91, 96, 97, 98, 102, 104, 105, 112, 114, 115, 116, 117, 118, 120, 127, 128, 129, 130, 131, 146, 151, 153, 158, 159, 160, 162, 163, 164, 166, 167, 168, 170, 172, 177, 178, 179, 181, 182, 183, 184, 189, 191, 196, 198, 199, 202, 203, 204, 206, 209, 210, 211, 216, 232, 233, 235, 242, 243, 244, 246, 247, 248, 253, 255, 257, 258, 259, 260, 261, 262, 265, 266, 267, 269, 270, 272, 273, 275, 282, 283, 285, 286, 292, 294, 295, 296, 297, 298, 299, 300, 301, 303, 304, 309, 311, 312, 314, 315, 316, 317, 318, 320, 321, 323, 324, 325, 328, 330, 331, 333, 338, 339, 341, 342, 343, 345, 348, 355, 357, 358, 359, 360, 362, 365, 366, 367, 368, 369, 372, 377, 378, 383, 385, 410, 411, 412, 421, 422, 423, 424, 425, 426, 427, 439, 440, 441, 450, 451, 452, 453, 454, 455, 457, 458, 459, 460, 461, 462, 463, 466, 467, 470, 471, 474, 476, 477, 481, 484, 485, 486, 487, 488, 489, 493, 494, 495, 496, 498, 499, 500, 502, 503, 504, 505, 506, 508, 509, 510, 513, 514, 515, 516, 523, 564, 565, 568, 569, 570, 571, 572, 573, 575, 576, 577, 579, 580], "summary": {"covered_lines": 240, "num_statements": 324, "percent_covered": 74.07407407407408, "percent_covered_display": "74", "missing_lines": 84, "excluded_lines": 17, "percent_statements_covered": 74.07407407407408, "percent_statements_covered_display": "74"}, "missing_lines": [81, 82, 86, 106, 110, 200, 218, 219, 220, 221, 222, 223, 228, 230, 234, 236, 240, 245, 263, 319, 326, 363, 370, 390, 391, 392, 393, 395, 396, 401, 403, 408, 428, 429, 430, 442, 443, 448, 472, 475, 479, 490, 497, 507, 517, 5
[...]
statements_covered_display": "0"}, "missing_lines": [59, 60, 61, 62, 63, 65, 66, 67, 68, 70, 71, 72, 74, 75, 78, 80, 81], "excluded_lines": []}, "issue_token": {"executed_lines": [87, 88, 94, 97, 98], "summary": {"covered_lines": 5, "num_statements": 6, "percent_covered": 83.33333333333333, "percent_covered_display": "83", "missing_lines": 1, "excluded_lines": 0, "percent_statements_covered": 83.33333333333333, "percent_statements_covered_display": "83"}, "missing_lines": [95], "excluded_lines": []}, "revoke_token": {"executed_lines": [104, 105, 106], "summary": {"covered_lines": 3, "num_statements": 3, "percent_covered": 100.0, "percent_covered_display": "100", "missing_lines": 0, "excluded_lines": 0, "percent_statements_covered": 100.0, "percent_statements_covered_display": "100"}, "missing_lines": [], "excluded_lines": []}, "require_auth_token": {"executed_lines": [123, 124, 125, 126, 127, 129, 130, 131, 134, 135, 137, 138, 141, 143, 153, 154, 155, 160, 161, 163, 164, 165, 166, 167, 168, 170, 171, 177], "summary": {"covered_lines": 28, "num_statements": 34, "percent_covered": 82.3529411764706, "percent_covered_display": "82", "missing_lines": 6, "excluded_lines": 6, "percent_statements_covered": 82.3529411764706, "percent_statements_covered_display": "82"}, "missing_lines": [144, 149, 150, 151, 172, 173], "excluded_lines": [156, 157, 158, 174, 175, 176]}, "_extract_header_token": {"executed_lines": [181, 182, 183, 184, 185], "summary": {"covered_lines": 5, "num_statements": 5, "percent_covered": 100.0, "percent_covered_display": "100", "missing_lines": 0, "excluded_lines": 0, "percent_statements_covered": 100.0, "percent_statements_covered_display": "100"}, "missing_lines": [], "excluded_lines": []}, "_reset_token_store": {"executed_lines": [191, 192, 193], "summary": {"covered_lines": 3, "num_statements": 6, "percent_covered": 50.0, "percent_covered_display": "50", "missing_lines": 3, "excluded_lines": 0, "percent_statements_covered": 50.0, "percent_statements_covered_display": "50"}, "missing_lines": [194, 195, 196], "excluded_lines": []}, "_ddb_client": {"executed_lines": [], "summary": {"covered_lines": 0, "num_statements": 3, "percent_covered": 0.0, "percent_covered_display": "0", "missing_lines": 3, "excluded_lines": 0, "percent_statements_covered": 0.0, "percent_statements_covered_display": "0"}, "missing_lines": [201, 202, 203], "excluded_lines": []}, "_put_token_ddb": {"executed_lines": [], "summary": {"covered_lines": 0, "num_statements": 6, "percent_covered": 0.0, "percent_covered_display": "0", "missing_lines": 6, "excluded_lines": 0, "percent_statements_covered": 0.0, "percent_statements_covered_display": "0"}, "missing_lines": [207, 208, 209, 210, 211, 212], "excluded_lines": []}, "_get_token_ddb": {"executed_lines": [], "summary": {"covered_lines": 0, "num_statements": 11, "percent_covered": 0.0, "percent_covered_display": "0", "missing_lines": 11, "excluded_lines": 0, "percent_statements_covered": 0.0, "percent_statements_covered_display": "0"}, "missing_lines": [227, 228, 229, 230, 235, 236, 237, 238, 239, 247, 248], "excluded_lines": []}, "_increment_usage_ddb": {"executed_lines": [], "summary": {"covered_lines": 0, "num_statements": 11, "percent_covered": 0.0, "percent_covered_display": "0", "missing_lines": 11, "excluded_lines": 0, "percent_statements_covered": 0.0, "percent_statements_covered_display": "0"}, "missing_lines": [252, 253, 254, 255, 256, 257, 258, 259, 260, 275, 276], "excluded_lines": []}, "_validate_and_increment_usage_ddb": {"executed_lines": [], "summary": {"covered_lines": 0, "num_statements": 13, "percent_covered": 0.0, "percent_covered_display": "0", "missing_lines": 13, "excluded_lines": 0, "percent_statements_covered": 0.0, "percent_statements_covered_display": "0"}, "missing_lines": [289, 290, 291, 292, 293, 294, 296, 297, 298, 299, 317, 318, 324], "excluded_lines": []}, "_get_expiry_seconds": {"executed_lines": [335, 336, 337, 338, 339, 340, 342], "summary": {"covered_lines": 7, "num_statements": 11, "percent_covered": 63.63636363636363, "percent_covered_display": "64", "missing_lines": 4, "excluded_lines": 0, "percent_statements_covered": 63.63636363636363, "percent_statements_covered_display": "64"}, "missing_lines": [341, 343, 344, 345], "excluded_lines": []}, "_get_max_calls": {"executed_lines": [349, 350, 351, 352, 353, 354, 356], "summary": {"covered_lines": 7, "num_statements": 11, "percent_covered": 63.63636363636363, "percent_covered_display": "64", "missing_lines": 4, "excluded_lines": 0, "percent_statements_covered": 63.63636363636363, "percent_statements_covered_display": "64"}, "missing_lines": [355, 357, 358, 359], "excluded_lines": []}, "": {"executed_lines": [1, 3, 5, 6, 7, 8, 9, 10, 12, 13, 17, 18, 26, 27, 28, 31, 32, 33, 34, 35, 36, 37, 38, 41, 42, 45, 84, 101, 109, 180, 188, 199, 206, 226, 251, 281, 334, 348], "summary": {"covered_lines": 35, "num_statements": 35, "percent_covered": 100.0, "percent_covered_display": "100", "missing_lines": 0, "excluded_lines": 4, "percent_statements_covered": 100.0, "percent_statements_covered_display": "100"}, "missing_lines": [], "excluded_lines": [12, 13, 14, 15]}}, "classes": {"TokenRecord": {"executed_lines": [], "summary": {"covered_lines": 0, "num_statements": 0, "percent_covered": 100.0, "percent_covered_display": "100", "missing_lines": 0, "excluded_lines": 0, "percent_statements_covered": 100.0, "percent_statements_covered_display": "100"}, "missing_lines": [], "excluded_lines": []}, "": {"executed_lines": [1, 3, 5, 6, 7, 8, 9, 10, 12, 13, 17, 18, 26, 27, 28, 31, 32, 33, 34, 35, 36, 37, 38, 41, 42, 45, 84, 87, 88, 94, 97, 98, 101, 104, 105, 106, 109, 123, 124, 125, 126, 127, 129, 130, 131, 134, 135, 137, 138, 141, 143, 153, 154, 155, 160, 161, 163, 164, 165, 166, 167, 168, 170, 171, 177, 180, 181, 182, 183, 184, 185, 188, 191, 192, 193, 199, 206, 226, 251, 281, 334, 335, 336, 337, 338, 339, 340, 342, 348, 349, 350, 351, 352, 353, 354, 356], "summary": {"covered_lines": 93, "num_statements": 172, "percent_covered": 54.06976744186046, "percent_covered_display": "54", "missing_lines": 79, "excluded_lines": 10, "percent_statements_covered": 54.06976744186046, "percent_statements_covered_display": "54"}, "missing_lines": [59, 60, 61, 62, 63, 65, 66, 67, 68, 70, 71, 72, 74, 75, 78, 80, 81, 95, 144, 149, 150, 151, 172, 173, 194, 195, 196, 201, 202, 203, 207, 208, 209, 210, 211, 212, 227, 228, 229, 230, 235, 236, 237, 238, 239, 247, 248, 252, 253, 254, 255, 256, 257, 258, 259, 260, 275, 276, 289, 290, 291, 292, 293, 294, 296, 297, 298, 299, 317, 318, 324, 341, 343, 344, 345, 355, 357, 358, 359], "excluded_lines": [12, 13, 14, 15, 156, 157, 158, 174, 175, 176]}}}, "src/utils/env.py": {"executed_lines": [1, 3, 5, 6, 7, 8, 9, 11, 12, 14, 17, 20, 21, 23, 24, 25, 26, 27, 28, 29, 31, 34, 35, 36, 37, 39, 40, 42, 43, 48, 49, 50, 51, 52, 55, 62, 63, 66, 74, 77, 80, 81, 82, 83, 87, 90, 92, 93, 95, 96, 97, 98, 100, 101, 103, 111, 112, 114, 117, 118, 119, 120, 121, 122, 123, 124, 125], "summary": {"covered_lines": 66, "num_statements": 68, "percent_covered": 97.05882352941177, "percent_covered_display": "97", "missing_lines": 2, "excluded_lines": 0, "percent_statements_covered": 97.05882352941177, "percent_statements_covered_display": "97"}, "missing_lines": [84, 115], "excluded_lines": [], "functions": {"load_dotenv": {"executed_lines": [20, 21, 23, 24, 25, 26, 27, 28, 29, 31], "summary": {"covered_lines": 10, "num_statements": 10, "percent_covered": 100.0, "percent_covered_display": "100", "missing_lines": 0, "excluded_lines": 0, "percent_statements_covered": 100.0, "percent_statements_covered_display": "100"}, "missing_lines": [], "excluded_lines": []}, "_parse_line": {"executed_lines": [35, 36, 37, 39, 40, 42, 43], "summary": {"covered_lines": 7, "num_statements": 7, "percent_covered": 100.0, "percent_covered_display": "100", "missing_lines": 0, "excluded_lines": 0, "percent_statements_covered": 100.0, "percent_statements_covered_display": "100"}, "missing_lines": [], "excluded_lines": []}, "_truthy": {"executed_lines": [49, 50, 51, 52], "summary": {"covered_lines": 4, "num_statements": 4, "percent_covered": 100.0, "percent_covered_display": "100", "missing_lines": 0, "excluded_lines": 0, "percent_statements_covered": 100.0, "percent_statements_covered_display": "100"}, "missing_lines": [], "excluded_lines": []}, "ignore_fail_flags": {"executed_lines": [62, 63], "summary": {"covered_lines": 2, "num_statements": 2, "percent_covered": 100.0, "percent_covered_display": "100", "missing_lines": 0, "excluded_lines": 0, "percent_statements_covered": 100.0, "percent_statements_covered_display": "100"}, "missing_lines": [], "excluded_lines": []}, "fail_stub_active": {"executed_lines": [74], "summary": {"covered_lines": 1, "num_statements": 1, "percent_covered": 100.0, "percent_covered_display": "100", "missing_lines": 0, "excluded_lines": 0, "percent_statements_covered": 100.0, "percent_statements_covered_display": "100"}, "missing_lines": [], "excluded_lines": []}, "enable_readme_fallback": {"executed_lines": [80, 81, 82, 83], "summary": {"covered_lines": 4, "num_statements": 5, "percent_covered": 80.0, "percent_covered_display": "80", "missing_lines": 1, "excluded_lines": 0, "percent_statements_covered": 80.0, "percent_statements_covered_display": "80"}, "missing_lines": [84], "excluded_lines": []}, "validate_runtime_environment": {"executed_lines": [90, 92, 93, 95, 100, 101, 103, 111, 112, 114, 117, 118, 119, 120, 121, 122, 123, 124, 125], "summary": {"covered_lines": 19, "num_statements": 20, "percent_covered": 95.0, "percent_covered_display": "95", "missing_lines": 1, "excluded_lines": 0, "percent_statements_covered": 95.0, "percent_statements_covered_display": "95"}, "missing_lines": [115], "excluded_lines": []}, "validate_runtime_environment._fail": {"executed_lines": [96, 97, 98], "summary": {"covered_lines": 3, "num_statements": 3, "percent_covered": 100.0, "percent_covered_display": "100", "missing_lines": 0, "excluded_lines": 0, "percent_statements_covered": 100.0, "percent_statements_covered_display": "100"}, "missing_lines": [], "excluded_lines": []}, "": {"executed_lines": [1, 3, 5, 6, 7, 8, 9, 11, 12, 14, 17, 34, 48, 55, 66, 77, 87], "summary": {"covered_lines": 16, "num_statements": 16, "percent_covered": 100.0, "percent_covered_display": "100", "missing_lines": 0, "excluded_lines": 0, "percent_statements_covered": 100.0, "percent_statements_covered_display": "100"}, "missing_lines": [], "excluded_lines": []}}, "classes": {"": {"executed_lines": [1, 3, 5, 6, 7, 8, 9, 11, 12, 14, 17, 20, 21, 23, 24, 25, 26, 27, 28, 29, 31, 34, 35, 36, 37, 39, 40, 42, 43, 48, 49, 50, 51, 52, 55, 62, 63, 66, 74, 77, 80, 81, 82, 83, 87, 90, 92, 93, 95, 96, 97, 98, 100, 101, 103, 111, 112, 114, 117, 118, 119, 120, 121, 122, 123, 124, 125], "summary": {"covered_lines": 66, "num_statements": 68, "percent_covered": 97.05882352941177, "percent_covered_display": "97", "missing_lines": 2, "excluded_lines": 0, "percent_statements_covered": 97.05882352941177, "percent_statements_covered_display": "97"}, "missing_lines": [84, 115], "excluded_lines": []}}}, "src/webapp.py": {"executed_lines": [1, 3, 5, 6, 7, 9, 19, 20, 26, 27, 28, 30, 31, 33, 34, 37, 38, 39, 42, 62, 63, 65, 72, 73, 74, 75, 76, 78, 79, 94, 95, 99, 108, 109, 110, 111, 112, 113, 117, 118, 119, 120, 121, 122, 123, 125, 130, 132, 133, 136, 137, 139, 143, 144, 145, 146, 147, 152, 153, 154, 155, 164, 165, 166, 168, 169, 170, 172, 173, 174, 175, 176, 179, 186, 187, 188, 189, 190, 191, 192, 195, 196, 199, 200, 207, 208, 211, 212], "summary": {"covered_lines": 87, "num_statements": 107, "percent_covered": 81.30841121495327, "percent_covered_display": "81", "missing_lines": 20, "excluded_lines": 0, "percent_statements_covered": 81.30841121495327, "percent_statements_covered_display": "81"}, "missing_lines": [43, 44, 45, 46, 47, 48, 49, 54, 55, 56, 60, 135, 138, 150, 159, 161, 180, 181, 182, 183], "excluded_lines": [], "functions": {"Response.__init__": {"executed_lines": [26, 27, 28], "summary": {"covered_lines": 3, "num_statements": 3, "percent_covered": 100.0, "percent_covered_display": "100", "missing_lines": 0, "excluded_lines": 0, "percent_statements_covered": 100.0, "percent_statements_covered_display": "100"}, "missing_lines": [], "excluded_lines": []}, "Response.get_data": {"executed_lines": [31], "summary": {"covered_lines": 1, "num_statements": 1, "percent_covered": 100.0, "percent_covered_display": "100", "missing_lines": 0, "excluded_lines": 0, "percent_statements_covered": 100.0, "percent_statements_covered_display": "100"}, "missing_lines": [], "excluded_lines": []}, "Response.get_json": {"executed_lines": [34], "summary": {"covered_lines": 1, "num_statements": 1, "percent_covered": 100.0, "percent_covered_display": "100", "missing_lines": 0, "excluded_lines": 0, "percent_statements_covered": 100.0, "percent_statements_covered_display": "100"}, "missing_lines": [], "excluded_lines": []}, "WebApp.__init__": {"executed_lines": [39], "summary": {"covered_lines": 1, "num_statements": 1, "percent_covered": 100.0, "percent_covered_display": "100", "missing_lines": 0, "excluded_lines": 0, "percent_statements_covered": 100.0, "percent_statements_covered_display": "100"}, "missing_lines": [], "excluded_lines": []}, "WebApp.__call__": {"executed_lines": [], "summary": {"covered_lines": 0, "num_statements": 11, "percent_covered": 0.0, "percent_covered_display": "0", "missing_lines": 11, "excluded_lines": 0, "percent_statements_covered": 0.0, "percent_statements_covered_display": "0"}, "missing_lines": [43, 44, 45, 46, 47, 48, 49, 54, 55, 56, 60], "excluded_lines": []}, "WebApp.test_client": {"executed_lines": [63], "summary": {"covered_lines": 1, "num_statements": 1, "percent_covered": 100.0, "percent_covered_display": "100", "missing_lines": 0, "excluded_lines": 0, "percent_statements_covered": 100.0, "percent_statements_covered_display": "100"}, "missing_lines": [], "excluded_lines": []}, "WebApp._dispatch": {"executed_lines": [72, 73, 74, 75, 76, 78, 79, 94, 95, 99, 108, 109, 110, 111, 112, 113, 117, 118, 119, 120, 121, 122, 123, 125, 130, 132, 133, 136, 137, 139, 143, 144, 145, 146, 147, 152, 153, 154, 155], "summary": {"covered_lines": 39, "num_statements": 44, "percent_covered": 88.63636363636364, "percent_covered_display": "89", "missing_lines": 5, "excluded_lines": 0, "percent_statements_covered": 88.63636363636364, "percent_statements_covered_display": "89"}, "missing_lines": [135, 138, 150, 159, 161], "excluded_lines": []}, "_TestClient.__init__": {"executed_lines": [166], "summary": {"covered_lines": 1, "num_statements": 1, "percent_covered": 100.0, "percent_covered_display": "100", "missing_lines": 0, "excluded_lines": 0, "percent_statements_covered": 100.0, "percent_statements_covered_display": "100"}, "missing_lines": [], "excluded_lines": []}, "_TestClient.get": {"executed_lines": [169, 170], "summary": {"covered_lines": 2, "num_statements": 2, "percent_covered": 100.0, "percent_covered_display": "100", "missing_lines": 0, "excluded_lines": 0, "percent_statements_covered": 100.0, "percent_statements_covered_display": "100"}, "missing_lines": [], "excluded_lines": []}, "_TestClient.post": {"executed_lines": [173, 174, 175, 176], "summary": {"covered_lines": 4, "num_statements": 4, "percent_covered": 100.0, "percent_covered_display": "100", "missing_lines": 0, "excluded_lines": 0, "percent_statements_covered": 100.0, "percent_statements_covered_display": "100"}, "missing_lines": [], "excluded_lines": []}, "_header_lookup": {"executed_lines": [], "summary": {"covered_lines": 0, "num_statements": 4, "percent_covered": 0.0, "percent_covered_display": "0", "missing_lines": 4, "excluded_lines": 0, "percent_statements_covered": 0.0, "percent_statements_covered_display": "0"}, "missing_lines": [180, 181, 182, 183], "excluded_lines": []}, "_parse_query": {"executed_lines": [187, 188, 189, 190, 191, 192], "summary": {"covered_lines": 6, "num_statements": 6, "percent_covered": 100.0, "percent_covered_display": "100", "missing_lines": 0, "excluded_lines": 0, "percent_statements_covered": 100.0, "percent_statements_covered_display": "100"}, "missing_lines": [], "excluded_lines": []}, "_html_response": {"executed_lines": [196], "summary": {"covered_lines": 1, "num_statements": 1, "percent_covered": 100.0, "percent_covered_display": "100", "missing_lines": 0, "excluded_lines": 0, "percent_statements_covered": 100.0, "percent_statements_covered_display": "100"}, "missing_lines": [], "excluded_lines": []}, "_json_response": {"executed_lines": [200], "summary": {"covered_lines": 1, "num_statements": 1, "percent_covered": 100.0, "percent_covered_display": "100", "missing_lines": 0, "excluded_lines": 0, "percent_statements_covered": 100.0, "percent_statements_covered_display": "100"}, "missing_lines": [], "excluded_lines": []}, "_text_response": {"executed_lines": [208], "summary": {"covered_lines": 1, "num_statements": 1, "percent_covered": 100.0, "percent_covered_display": "100", "missing_lines": 0, "excluded_lines": 0, "percent_statements_covered": 100.0, "percent_statements_covered_display": "100"}, "missing_lines": [], "excluded_lines": []}, "create_app": {"executed_lines": [212], "summary": {"covered_lines": 1, "num_statements": 1, "percent_covered": 100.0, "percent_covered_display": "100", "missing_lines": 0, "excluded_lines": 0, "percent_statements_covered": 100.0, "percent_statements_covered_display": "100"}, "missing_lines": [], "excluded_lines": []}, "": {"executed_lines": [1, 3, 5, 6, 7, 9, 19, 20, 30, 33, 37, 38, 42, 62, 65, 164, 165, 168, 172, 179, 186, 195, 199, 207, 211], "summary": {"covered_lines": 24, "num_statements": 24, "percent_covered": 100.0, "percent_covered_display": "100", "missing_lines": 0, "excluded_lines": 0, "percent_statements_covered": 100.0, "percent_statements_covered_display": "100"}, "missing_lines": [], "excluded_lines": []}}, "classes": {"Response": {"executed_lines": [26, 27, 28, 31, 34], "summary": {"covered_lines": 5, "num_statements": 5, "percent_covered": 100.0, "percent_covered_display": "100", "missing_lines": 0, "excluded_lines": 0, "percent_statements_covered": 100.0, "percent_statements_covered_display": "100"}, "missing_lines": [], "excluded_lines": []}, "WebApp": {"executed_lines": [39, 63, 72, 73, 74, 75, 76, 78, 79, 94, 95, 99, 108, 109, 110, 111, 112, 113, 117, 118, 119, 120, 121, 122, 123, 125, 130, 132, 133, 136, 137, 139, 143, 144, 145, 146, 147, 152, 153, 154, 155], "summary": {"covered_lines": 41, "num_statements": 57, "percent_covered": 71.9298245614035, "percent_covered_display": "72", "missing_lines": 16, "excluded_lines": 0, "percent_statements_covered": 71.9298245614035, "percent_statements_covered_display": "72"}, "missing_lines": [43, 44, 45, 46, 47, 48, 49, 54, 55, 56, 60, 135, 138, 150, 159, 161], "excluded_lines": []}, "_TestClient": {"executed_lines": [166, 169, 170, 173, 174, 175, 176], "summary": {"covered_lines": 7, "num_statements": 7, "percent_covered": 100.0, "percent_covered_display": "100", "missing_lines": 0, "excluded_lines": 0, "percent_statements_covered": 100.0, "percent_statements_covered_display": "100"}, "missing_lines": [], "excluded_lines": []}, "": {"executed_lines": [1, 3, 5, 6, 7, 9, 19, 20, 30, 33, 37, 38, 42, 62, 65, 164, 165, 168, 172, 179, 186, 187, 188, 189, 190, 191, 192, 195, 196, 199, 200, 207, 208, 211, 212], "summary": {"covered_lines": 34, "num_statements": 38, "percent_covered": 89.47368421052632, "percent_covered_display": "89", "missing_lines": 4, "excluded_lines": 0, "percent_statements_covered": 89.47368421052632, "percent_statements_covered_display": "89"}, "missing_lines": [180, 181, 182, 183], "excluded_lines": []}}}}, "totals": {"covered_lines": 4031, "num_statements": 4978, "percent_covered": 80.97629570108478, "percent_covered_display": "81", "missing_lines": 947, "excluded_lines": 231, "percent_statements_covered": 80.97629570108478, "percent_statements_covered_display": "81"}}